[2023-04-12T16:11:58.391+0000] {processor.py:156} INFO - Started process (PID=28) to work on /opt/airflow/dags/processSQL.py
[2023-04-12T16:11:58.392+0000] {processor.py:758} INFO - Processing file /opt/airflow/dags/processSQL.py for tasks to queue
[2023-04-12T16:11:58.393+0000] {logging_mixin.py:117} INFO - [2023-04-12T16:11:58.392+0000] {dagbag.py:525} INFO - Filling up the DagBag from /opt/airflow/dags/processSQL.py
[2023-04-12T16:11:58.431+0000] {processor.py:768} INFO - DAG(s) dict_keys(['postgresSQL']) retrieved from /opt/airflow/dags/processSQL.py
[2023-04-12T16:11:58.463+0000] {logging_mixin.py:117} INFO - [2023-04-12T16:11:58.462+0000] {dag.py:2573} INFO - Sync 1 DAGs
[2023-04-12T16:11:58.584+0000] {logging_mixin.py:117} INFO - [2023-04-12T16:11:58.584+0000] {dag.py:3324} INFO - Setting next_dagrun for postgresSQL to 2023-01-31T17:00:00+00:00, run_after=2023-01-31T17:00:00+00:00
[2023-04-12T16:11:58.600+0000] {processor.py:178} INFO - Processing /opt/airflow/dags/processSQL.py took 0.212 seconds
[2023-04-12T16:12:28.924+0000] {processor.py:156} INFO - Started process (PID=53) to work on /opt/airflow/dags/processSQL.py
[2023-04-12T16:12:28.925+0000] {processor.py:758} INFO - Processing file /opt/airflow/dags/processSQL.py for tasks to queue
[2023-04-12T16:12:28.925+0000] {logging_mixin.py:117} INFO - [2023-04-12T16:12:28.925+0000] {dagbag.py:525} INFO - Filling up the DagBag from /opt/airflow/dags/processSQL.py
[2023-04-12T16:12:28.974+0000] {processor.py:768} INFO - DAG(s) dict_keys(['postgresSQL']) retrieved from /opt/airflow/dags/processSQL.py
[2023-04-12T16:12:29.147+0000] {logging_mixin.py:117} INFO - [2023-04-12T16:12:29.147+0000] {dag.py:2573} INFO - Sync 1 DAGs
[2023-04-12T16:12:29.175+0000] {logging_mixin.py:117} INFO - [2023-04-12T16:12:29.175+0000] {dag.py:3324} INFO - Setting next_dagrun for postgresSQL to 2023-01-31T17:00:00+00:00, run_after=2023-01-31T17:00:00+00:00
[2023-04-12T16:12:29.193+0000] {processor.py:178} INFO - Processing /opt/airflow/dags/processSQL.py took 0.273 seconds
[2023-04-12T16:12:59.719+0000] {processor.py:156} INFO - Started process (PID=70) to work on /opt/airflow/dags/processSQL.py
[2023-04-12T16:12:59.720+0000] {processor.py:758} INFO - Processing file /opt/airflow/dags/processSQL.py for tasks to queue
[2023-04-12T16:12:59.721+0000] {logging_mixin.py:117} INFO - [2023-04-12T16:12:59.721+0000] {dagbag.py:525} INFO - Filling up the DagBag from /opt/airflow/dags/processSQL.py
[2023-04-12T16:12:59.787+0000] {processor.py:768} INFO - DAG(s) dict_keys(['postgresSQL']) retrieved from /opt/airflow/dags/processSQL.py
[2023-04-12T16:12:59.955+0000] {logging_mixin.py:117} INFO - [2023-04-12T16:12:59.955+0000] {dag.py:2573} INFO - Sync 1 DAGs
[2023-04-12T16:12:59.976+0000] {logging_mixin.py:117} INFO - [2023-04-12T16:12:59.976+0000] {dag.py:3324} INFO - Setting next_dagrun for postgresSQL to 2023-01-31T17:00:00+00:00, run_after=2023-01-31T17:00:00+00:00
[2023-04-12T16:13:00.001+0000] {processor.py:178} INFO - Processing /opt/airflow/dags/processSQL.py took 0.285 seconds
[2023-04-12T16:13:30.709+0000] {processor.py:156} INFO - Started process (PID=95) to work on /opt/airflow/dags/processSQL.py
[2023-04-12T16:13:30.711+0000] {processor.py:758} INFO - Processing file /opt/airflow/dags/processSQL.py for tasks to queue
[2023-04-12T16:13:30.712+0000] {logging_mixin.py:117} INFO - [2023-04-12T16:13:30.711+0000] {dagbag.py:525} INFO - Filling up the DagBag from /opt/airflow/dags/processSQL.py
[2023-04-12T16:13:30.945+0000] {processor.py:768} INFO - DAG(s) dict_keys(['postgresSQL']) retrieved from /opt/airflow/dags/processSQL.py
[2023-04-12T16:13:31.000+0000] {logging_mixin.py:117} INFO - [2023-04-12T16:13:31.000+0000] {dag.py:2573} INFO - Sync 1 DAGs
[2023-04-12T16:13:31.040+0000] {logging_mixin.py:117} INFO - [2023-04-12T16:13:31.040+0000] {dag.py:3324} INFO - Setting next_dagrun for postgresSQL to 2023-01-31T17:00:00+00:00, run_after=2023-01-31T17:00:00+00:00
[2023-04-12T16:13:31.068+0000] {processor.py:178} INFO - Processing /opt/airflow/dags/processSQL.py took 0.366 seconds
[2023-04-12T16:14:02.003+0000] {processor.py:156} INFO - Started process (PID=120) to work on /opt/airflow/dags/processSQL.py
[2023-04-12T16:14:02.003+0000] {processor.py:758} INFO - Processing file /opt/airflow/dags/processSQL.py for tasks to queue
[2023-04-12T16:14:02.004+0000] {logging_mixin.py:117} INFO - [2023-04-12T16:14:02.004+0000] {dagbag.py:525} INFO - Filling up the DagBag from /opt/airflow/dags/processSQL.py
[2023-04-12T16:14:02.145+0000] {processor.py:768} INFO - DAG(s) dict_keys(['postgresSQL']) retrieved from /opt/airflow/dags/processSQL.py
[2023-04-12T16:14:02.185+0000] {logging_mixin.py:117} INFO - [2023-04-12T16:14:02.185+0000] {dag.py:2573} INFO - Sync 1 DAGs
[2023-04-12T16:14:02.210+0000] {logging_mixin.py:117} INFO - [2023-04-12T16:14:02.210+0000] {dag.py:3324} INFO - Setting next_dagrun for postgresSQL to 2023-01-31T17:00:00+00:00, run_after=2023-01-31T17:00:00+00:00
[2023-04-12T16:14:02.235+0000] {processor.py:178} INFO - Processing /opt/airflow/dags/processSQL.py took 0.236 seconds
[2023-04-12T16:14:32.460+0000] {processor.py:156} INFO - Started process (PID=145) to work on /opt/airflow/dags/processSQL.py
[2023-04-12T16:14:32.461+0000] {processor.py:758} INFO - Processing file /opt/airflow/dags/processSQL.py for tasks to queue
[2023-04-12T16:14:32.462+0000] {logging_mixin.py:117} INFO - [2023-04-12T16:14:32.462+0000] {dagbag.py:525} INFO - Filling up the DagBag from /opt/airflow/dags/processSQL.py
[2023-04-12T16:14:32.626+0000] {processor.py:768} INFO - DAG(s) dict_keys(['postgresSQL']) retrieved from /opt/airflow/dags/processSQL.py
[2023-04-12T16:14:32.663+0000] {logging_mixin.py:117} INFO - [2023-04-12T16:14:32.663+0000] {dag.py:2573} INFO - Sync 1 DAGs
[2023-04-12T16:14:32.686+0000] {logging_mixin.py:117} INFO - [2023-04-12T16:14:32.686+0000] {dag.py:3324} INFO - Setting next_dagrun for postgresSQL to 2023-01-31T17:00:00+00:00, run_after=2023-01-31T17:00:00+00:00
[2023-04-12T16:14:32.709+0000] {processor.py:178} INFO - Processing /opt/airflow/dags/processSQL.py took 0.254 seconds
[2023-04-12T16:15:03.221+0000] {processor.py:156} INFO - Started process (PID=163) to work on /opt/airflow/dags/processSQL.py
[2023-04-12T16:15:03.222+0000] {processor.py:758} INFO - Processing file /opt/airflow/dags/processSQL.py for tasks to queue
[2023-04-12T16:15:03.223+0000] {logging_mixin.py:117} INFO - [2023-04-12T16:15:03.223+0000] {dagbag.py:525} INFO - Filling up the DagBag from /opt/airflow/dags/processSQL.py
[2023-04-12T16:15:03.259+0000] {processor.py:768} INFO - DAG(s) dict_keys(['postgresSQL']) retrieved from /opt/airflow/dags/processSQL.py
[2023-04-12T16:15:03.306+0000] {logging_mixin.py:117} INFO - [2023-04-12T16:15:03.306+0000] {dag.py:2573} INFO - Sync 1 DAGs
[2023-04-12T16:15:03.338+0000] {logging_mixin.py:117} INFO - [2023-04-12T16:15:03.338+0000] {dag.py:3324} INFO - Setting next_dagrun for postgresSQL to 2023-01-31T17:00:00+00:00, run_after=2023-01-31T17:00:00+00:00
[2023-04-12T16:15:03.354+0000] {processor.py:178} INFO - Processing /opt/airflow/dags/processSQL.py took 0.136 seconds
[2023-04-12T16:15:33.733+0000] {processor.py:156} INFO - Started process (PID=188) to work on /opt/airflow/dags/processSQL.py
[2023-04-12T16:15:33.734+0000] {processor.py:758} INFO - Processing file /opt/airflow/dags/processSQL.py for tasks to queue
[2023-04-12T16:15:33.735+0000] {logging_mixin.py:117} INFO - [2023-04-12T16:15:33.735+0000] {dagbag.py:525} INFO - Filling up the DagBag from /opt/airflow/dags/processSQL.py
[2023-04-12T16:15:33.772+0000] {processor.py:768} INFO - DAG(s) dict_keys(['postgresSQL']) retrieved from /opt/airflow/dags/processSQL.py
[2023-04-12T16:15:33.809+0000] {logging_mixin.py:117} INFO - [2023-04-12T16:15:33.809+0000] {dag.py:2573} INFO - Sync 1 DAGs
[2023-04-12T16:15:33.829+0000] {logging_mixin.py:117} INFO - [2023-04-12T16:15:33.829+0000] {dag.py:3324} INFO - Setting next_dagrun for postgresSQL to 2023-01-31T17:00:00+00:00, run_after=2023-01-31T17:00:00+00:00
[2023-04-12T16:15:33.844+0000] {processor.py:178} INFO - Processing /opt/airflow/dags/processSQL.py took 0.114 seconds
[2023-04-12T16:19:21.132+0000] {processor.py:156} INFO - Started process (PID=27) to work on /opt/airflow/dags/processSQL.py
[2023-04-12T16:19:21.133+0000] {processor.py:758} INFO - Processing file /opt/airflow/dags/processSQL.py for tasks to queue
[2023-04-12T16:19:21.133+0000] {logging_mixin.py:117} INFO - [2023-04-12T16:19:21.133+0000] {dagbag.py:525} INFO - Filling up the DagBag from /opt/airflow/dags/processSQL.py
[2023-04-12T16:19:21.193+0000] {processor.py:768} INFO - DAG(s) dict_keys(['postgresSQL']) retrieved from /opt/airflow/dags/processSQL.py
[2023-04-12T16:19:21.238+0000] {logging_mixin.py:117} INFO - [2023-04-12T16:19:21.238+0000] {dag.py:2573} INFO - Sync 1 DAGs
[2023-04-12T16:19:21.380+0000] {logging_mixin.py:117} INFO - [2023-04-12T16:19:21.380+0000] {dag.py:3324} INFO - Setting next_dagrun for postgresSQL to 2023-01-31T17:00:00+00:00, run_after=2023-01-31T17:00:00+00:00
[2023-04-12T16:19:21.399+0000] {processor.py:178} INFO - Processing /opt/airflow/dags/processSQL.py took 0.271 seconds
[2023-04-12T16:19:52.259+0000] {processor.py:156} INFO - Started process (PID=53) to work on /opt/airflow/dags/processSQL.py
[2023-04-12T16:19:52.261+0000] {processor.py:758} INFO - Processing file /opt/airflow/dags/processSQL.py for tasks to queue
[2023-04-12T16:19:52.261+0000] {logging_mixin.py:117} INFO - [2023-04-12T16:19:52.261+0000] {dagbag.py:525} INFO - Filling up the DagBag from /opt/airflow/dags/processSQL.py
[2023-04-12T16:19:52.310+0000] {processor.py:768} INFO - DAG(s) dict_keys(['postgresSQL']) retrieved from /opt/airflow/dags/processSQL.py
[2023-04-12T16:19:52.447+0000] {logging_mixin.py:117} INFO - [2023-04-12T16:19:52.446+0000] {dag.py:2573} INFO - Sync 1 DAGs
[2023-04-12T16:19:52.469+0000] {logging_mixin.py:117} INFO - [2023-04-12T16:19:52.469+0000] {dag.py:3324} INFO - Setting next_dagrun for postgresSQL to 2023-01-31T17:00:00+00:00, run_after=2023-01-31T17:00:00+00:00
[2023-04-12T16:19:52.485+0000] {processor.py:178} INFO - Processing /opt/airflow/dags/processSQL.py took 0.230 seconds
[2023-04-12T16:20:22.740+0000] {processor.py:156} INFO - Started process (PID=71) to work on /opt/airflow/dags/processSQL.py
[2023-04-12T16:20:22.741+0000] {processor.py:758} INFO - Processing file /opt/airflow/dags/processSQL.py for tasks to queue
[2023-04-12T16:20:22.742+0000] {logging_mixin.py:117} INFO - [2023-04-12T16:20:22.742+0000] {dagbag.py:525} INFO - Filling up the DagBag from /opt/airflow/dags/processSQL.py
[2023-04-12T16:20:22.796+0000] {processor.py:768} INFO - DAG(s) dict_keys(['postgresSQL']) retrieved from /opt/airflow/dags/processSQL.py
[2023-04-12T16:20:22.944+0000] {logging_mixin.py:117} INFO - [2023-04-12T16:20:22.944+0000] {dag.py:2573} INFO - Sync 1 DAGs
[2023-04-12T16:20:22.965+0000] {logging_mixin.py:117} INFO - [2023-04-12T16:20:22.965+0000] {dag.py:3324} INFO - Setting next_dagrun for postgresSQL to 2023-01-31T17:00:00+00:00, run_after=2023-01-31T17:00:00+00:00
[2023-04-12T16:20:22.989+0000] {processor.py:178} INFO - Processing /opt/airflow/dags/processSQL.py took 0.254 seconds
[2023-04-12T16:20:53.448+0000] {processor.py:156} INFO - Started process (PID=96) to work on /opt/airflow/dags/processSQL.py
[2023-04-12T16:20:53.449+0000] {processor.py:758} INFO - Processing file /opt/airflow/dags/processSQL.py for tasks to queue
[2023-04-12T16:20:53.450+0000] {logging_mixin.py:117} INFO - [2023-04-12T16:20:53.450+0000] {dagbag.py:525} INFO - Filling up the DagBag from /opt/airflow/dags/processSQL.py
[2023-04-12T16:20:53.613+0000] {processor.py:768} INFO - DAG(s) dict_keys(['postgresSQL']) retrieved from /opt/airflow/dags/processSQL.py
[2023-04-12T16:20:53.651+0000] {logging_mixin.py:117} INFO - [2023-04-12T16:20:53.651+0000] {dag.py:2573} INFO - Sync 1 DAGs
[2023-04-12T16:20:53.674+0000] {logging_mixin.py:117} INFO - [2023-04-12T16:20:53.674+0000] {dag.py:3324} INFO - Setting next_dagrun for postgresSQL to 2023-01-31T17:00:00+00:00, run_after=2023-01-31T17:00:00+00:00
[2023-04-12T16:20:53.697+0000] {processor.py:178} INFO - Processing /opt/airflow/dags/processSQL.py took 0.252 seconds
[2023-04-12T16:21:24.169+0000] {processor.py:156} INFO - Started process (PID=122) to work on /opt/airflow/dags/processSQL.py
[2023-04-12T16:21:24.169+0000] {processor.py:758} INFO - Processing file /opt/airflow/dags/processSQL.py for tasks to queue
[2023-04-12T16:21:24.170+0000] {logging_mixin.py:117} INFO - [2023-04-12T16:21:24.170+0000] {dagbag.py:525} INFO - Filling up the DagBag from /opt/airflow/dags/processSQL.py
[2023-04-12T16:21:24.314+0000] {processor.py:768} INFO - DAG(s) dict_keys(['postgresSQL']) retrieved from /opt/airflow/dags/processSQL.py
[2023-04-12T16:21:24.354+0000] {logging_mixin.py:117} INFO - [2023-04-12T16:21:24.353+0000] {dag.py:2573} INFO - Sync 1 DAGs
[2023-04-12T16:21:24.376+0000] {logging_mixin.py:117} INFO - [2023-04-12T16:21:24.376+0000] {dag.py:3324} INFO - Setting next_dagrun for postgresSQL to 2023-01-31T17:00:00+00:00, run_after=2023-01-31T17:00:00+00:00
[2023-04-12T16:21:24.401+0000] {processor.py:178} INFO - Processing /opt/airflow/dags/processSQL.py took 0.235 seconds
[2023-04-12T16:21:54.858+0000] {processor.py:156} INFO - Started process (PID=147) to work on /opt/airflow/dags/processSQL.py
[2023-04-12T16:21:54.858+0000] {processor.py:758} INFO - Processing file /opt/airflow/dags/processSQL.py for tasks to queue
[2023-04-12T16:21:54.859+0000] {logging_mixin.py:117} INFO - [2023-04-12T16:21:54.859+0000] {dagbag.py:525} INFO - Filling up the DagBag from /opt/airflow/dags/processSQL.py
[2023-04-12T16:21:55.001+0000] {processor.py:768} INFO - DAG(s) dict_keys(['postgresSQL']) retrieved from /opt/airflow/dags/processSQL.py
[2023-04-12T16:21:55.037+0000] {logging_mixin.py:117} INFO - [2023-04-12T16:21:55.037+0000] {dag.py:2573} INFO - Sync 1 DAGs
[2023-04-12T16:21:55.058+0000] {logging_mixin.py:117} INFO - [2023-04-12T16:21:55.058+0000] {dag.py:3324} INFO - Setting next_dagrun for postgresSQL to 2023-01-31T17:00:00+00:00, run_after=2023-01-31T17:00:00+00:00
[2023-04-12T16:21:55.079+0000] {processor.py:178} INFO - Processing /opt/airflow/dags/processSQL.py took 0.224 seconds
[2023-04-12T16:22:25.707+0000] {processor.py:156} INFO - Started process (PID=165) to work on /opt/airflow/dags/processSQL.py
[2023-04-12T16:22:25.708+0000] {processor.py:758} INFO - Processing file /opt/airflow/dags/processSQL.py for tasks to queue
[2023-04-12T16:22:25.708+0000] {logging_mixin.py:117} INFO - [2023-04-12T16:22:25.708+0000] {dagbag.py:525} INFO - Filling up the DagBag from /opt/airflow/dags/processSQL.py
[2023-04-12T16:22:25.756+0000] {processor.py:768} INFO - DAG(s) dict_keys(['postgresSQL']) retrieved from /opt/airflow/dags/processSQL.py
[2023-04-12T16:22:25.796+0000] {logging_mixin.py:117} INFO - [2023-04-12T16:22:25.796+0000] {dag.py:2573} INFO - Sync 1 DAGs
[2023-04-12T16:22:25.820+0000] {logging_mixin.py:117} INFO - [2023-04-12T16:22:25.820+0000] {dag.py:3324} INFO - Setting next_dagrun for postgresSQL to 2023-01-31T17:00:00+00:00, run_after=2023-01-31T17:00:00+00:00
[2023-04-12T16:22:25.843+0000] {processor.py:178} INFO - Processing /opt/airflow/dags/processSQL.py took 0.262 seconds
[2023-04-12T16:22:56.226+0000] {processor.py:156} INFO - Started process (PID=190) to work on /opt/airflow/dags/processSQL.py
[2023-04-12T16:22:56.227+0000] {processor.py:758} INFO - Processing file /opt/airflow/dags/processSQL.py for tasks to queue
[2023-04-12T16:22:56.228+0000] {logging_mixin.py:117} INFO - [2023-04-12T16:22:56.227+0000] {dagbag.py:525} INFO - Filling up the DagBag from /opt/airflow/dags/processSQL.py
[2023-04-12T16:22:56.268+0000] {processor.py:768} INFO - DAG(s) dict_keys(['postgresSQL']) retrieved from /opt/airflow/dags/processSQL.py
[2023-04-12T16:22:56.315+0000] {logging_mixin.py:117} INFO - [2023-04-12T16:22:56.315+0000] {dag.py:2573} INFO - Sync 1 DAGs
[2023-04-12T16:22:56.350+0000] {logging_mixin.py:117} INFO - [2023-04-12T16:22:56.350+0000] {dag.py:3324} INFO - Setting next_dagrun for postgresSQL to 2023-01-31T17:00:00+00:00, run_after=2023-01-31T17:00:00+00:00
[2023-04-12T16:22:56.376+0000] {processor.py:178} INFO - Processing /opt/airflow/dags/processSQL.py took 0.153 seconds
[2023-04-12T16:23:26.757+0000] {processor.py:156} INFO - Started process (PID=215) to work on /opt/airflow/dags/processSQL.py
[2023-04-12T16:23:26.758+0000] {processor.py:758} INFO - Processing file /opt/airflow/dags/processSQL.py for tasks to queue
[2023-04-12T16:23:26.758+0000] {logging_mixin.py:117} INFO - [2023-04-12T16:23:26.758+0000] {dagbag.py:525} INFO - Filling up the DagBag from /opt/airflow/dags/processSQL.py
[2023-04-12T16:23:26.799+0000] {processor.py:768} INFO - DAG(s) dict_keys(['postgresSQL']) retrieved from /opt/airflow/dags/processSQL.py
[2023-04-12T16:23:26.839+0000] {logging_mixin.py:117} INFO - [2023-04-12T16:23:26.839+0000] {dag.py:2573} INFO - Sync 1 DAGs
[2023-04-12T16:23:26.862+0000] {logging_mixin.py:117} INFO - [2023-04-12T16:23:26.862+0000] {dag.py:3324} INFO - Setting next_dagrun for postgresSQL to 2023-01-31T17:00:00+00:00, run_after=2023-01-31T17:00:00+00:00
[2023-04-12T16:23:26.883+0000] {processor.py:178} INFO - Processing /opt/airflow/dags/processSQL.py took 0.128 seconds
[2023-04-12T16:23:57.310+0000] {processor.py:156} INFO - Started process (PID=240) to work on /opt/airflow/dags/processSQL.py
[2023-04-12T16:23:57.311+0000] {processor.py:758} INFO - Processing file /opt/airflow/dags/processSQL.py for tasks to queue
[2023-04-12T16:23:57.313+0000] {logging_mixin.py:117} INFO - [2023-04-12T16:23:57.313+0000] {dagbag.py:525} INFO - Filling up the DagBag from /opt/airflow/dags/processSQL.py
[2023-04-12T16:23:57.370+0000] {processor.py:768} INFO - DAG(s) dict_keys(['postgresSQL']) retrieved from /opt/airflow/dags/processSQL.py
[2023-04-12T16:23:57.426+0000] {logging_mixin.py:117} INFO - [2023-04-12T16:23:57.426+0000] {dag.py:2573} INFO - Sync 1 DAGs
[2023-04-12T16:23:57.448+0000] {logging_mixin.py:117} INFO - [2023-04-12T16:23:57.448+0000] {dag.py:3324} INFO - Setting next_dagrun for postgresSQL to 2023-01-31T17:00:00+00:00, run_after=2023-01-31T17:00:00+00:00
[2023-04-12T16:23:57.472+0000] {processor.py:178} INFO - Processing /opt/airflow/dags/processSQL.py took 0.167 seconds
[2023-04-12T16:24:27.883+0000] {processor.py:156} INFO - Started process (PID=266) to work on /opt/airflow/dags/processSQL.py
[2023-04-12T16:24:27.884+0000] {processor.py:758} INFO - Processing file /opt/airflow/dags/processSQL.py for tasks to queue
[2023-04-12T16:24:27.884+0000] {logging_mixin.py:117} INFO - [2023-04-12T16:24:27.884+0000] {dagbag.py:525} INFO - Filling up the DagBag from /opt/airflow/dags/processSQL.py
[2023-04-12T16:24:27.921+0000] {processor.py:768} INFO - DAG(s) dict_keys(['postgresSQL']) retrieved from /opt/airflow/dags/processSQL.py
[2023-04-12T16:24:27.959+0000] {logging_mixin.py:117} INFO - [2023-04-12T16:24:27.959+0000] {dag.py:2573} INFO - Sync 1 DAGs
[2023-04-12T16:24:27.982+0000] {logging_mixin.py:117} INFO - [2023-04-12T16:24:27.981+0000] {dag.py:3324} INFO - Setting next_dagrun for postgresSQL to 2023-01-31T17:00:00+00:00, run_after=2023-01-31T17:00:00+00:00
[2023-04-12T16:24:27.998+0000] {processor.py:178} INFO - Processing /opt/airflow/dags/processSQL.py took 0.118 seconds
[2023-04-12T16:24:58.412+0000] {processor.py:156} INFO - Started process (PID=284) to work on /opt/airflow/dags/processSQL.py
[2023-04-12T16:24:58.413+0000] {processor.py:758} INFO - Processing file /opt/airflow/dags/processSQL.py for tasks to queue
[2023-04-12T16:24:58.413+0000] {logging_mixin.py:117} INFO - [2023-04-12T16:24:58.413+0000] {dagbag.py:525} INFO - Filling up the DagBag from /opt/airflow/dags/processSQL.py
[2023-04-12T16:24:58.467+0000] {processor.py:768} INFO - DAG(s) dict_keys(['postgresSQL']) retrieved from /opt/airflow/dags/processSQL.py
[2023-04-12T16:24:58.514+0000] {logging_mixin.py:117} INFO - [2023-04-12T16:24:58.514+0000] {dag.py:2573} INFO - Sync 1 DAGs
[2023-04-12T16:24:58.541+0000] {logging_mixin.py:117} INFO - [2023-04-12T16:24:58.541+0000] {dag.py:3324} INFO - Setting next_dagrun for postgresSQL to 2023-01-31T17:00:00+00:00, run_after=2023-01-31T17:00:00+00:00
[2023-04-12T16:24:58.570+0000] {processor.py:178} INFO - Processing /opt/airflow/dags/processSQL.py took 0.162 seconds
[2023-04-12T16:25:28.949+0000] {processor.py:156} INFO - Started process (PID=309) to work on /opt/airflow/dags/processSQL.py
[2023-04-12T16:25:28.950+0000] {processor.py:758} INFO - Processing file /opt/airflow/dags/processSQL.py for tasks to queue
[2023-04-12T16:25:28.951+0000] {logging_mixin.py:117} INFO - [2023-04-12T16:25:28.951+0000] {dagbag.py:525} INFO - Filling up the DagBag from /opt/airflow/dags/processSQL.py
[2023-04-12T16:25:28.987+0000] {processor.py:768} INFO - DAG(s) dict_keys(['postgresSQL']) retrieved from /opt/airflow/dags/processSQL.py
[2023-04-12T16:25:29.025+0000] {logging_mixin.py:117} INFO - [2023-04-12T16:25:29.025+0000] {dag.py:2573} INFO - Sync 1 DAGs
[2023-04-12T16:25:29.047+0000] {logging_mixin.py:117} INFO - [2023-04-12T16:25:29.046+0000] {dag.py:3324} INFO - Setting next_dagrun for postgresSQL to 2023-01-31T17:00:00+00:00, run_after=2023-01-31T17:00:00+00:00
[2023-04-12T16:25:29.062+0000] {processor.py:178} INFO - Processing /opt/airflow/dags/processSQL.py took 0.116 seconds
[2023-04-12T16:25:59.448+0000] {processor.py:156} INFO - Started process (PID=335) to work on /opt/airflow/dags/processSQL.py
[2023-04-12T16:25:59.449+0000] {processor.py:758} INFO - Processing file /opt/airflow/dags/processSQL.py for tasks to queue
[2023-04-12T16:25:59.449+0000] {logging_mixin.py:117} INFO - [2023-04-12T16:25:59.449+0000] {dagbag.py:525} INFO - Filling up the DagBag from /opt/airflow/dags/processSQL.py
[2023-04-12T16:25:59.486+0000] {processor.py:768} INFO - DAG(s) dict_keys(['postgresSQL']) retrieved from /opt/airflow/dags/processSQL.py
[2023-04-12T16:25:59.531+0000] {logging_mixin.py:117} INFO - [2023-04-12T16:25:59.530+0000] {dag.py:2573} INFO - Sync 1 DAGs
[2023-04-12T16:25:59.560+0000] {logging_mixin.py:117} INFO - [2023-04-12T16:25:59.560+0000] {dag.py:3324} INFO - Setting next_dagrun for postgresSQL to 2023-01-31T17:00:00+00:00, run_after=2023-01-31T17:00:00+00:00
[2023-04-12T16:25:59.577+0000] {processor.py:178} INFO - Processing /opt/airflow/dags/processSQL.py took 0.133 seconds
[2023-04-12T16:26:29.989+0000] {processor.py:156} INFO - Started process (PID=360) to work on /opt/airflow/dags/processSQL.py
[2023-04-12T16:26:29.989+0000] {processor.py:758} INFO - Processing file /opt/airflow/dags/processSQL.py for tasks to queue
[2023-04-12T16:26:29.990+0000] {logging_mixin.py:117} INFO - [2023-04-12T16:26:29.990+0000] {dagbag.py:525} INFO - Filling up the DagBag from /opt/airflow/dags/processSQL.py
[2023-04-12T16:26:30.025+0000] {processor.py:768} INFO - DAG(s) dict_keys(['postgresSQL']) retrieved from /opt/airflow/dags/processSQL.py
[2023-04-12T16:26:30.064+0000] {logging_mixin.py:117} INFO - [2023-04-12T16:26:30.064+0000] {dag.py:2573} INFO - Sync 1 DAGs
[2023-04-12T16:26:30.084+0000] {logging_mixin.py:117} INFO - [2023-04-12T16:26:30.084+0000] {dag.py:3324} INFO - Setting next_dagrun for postgresSQL to 2023-01-31T17:00:00+00:00, run_after=2023-01-31T17:00:00+00:00
[2023-04-12T16:26:30.100+0000] {processor.py:178} INFO - Processing /opt/airflow/dags/processSQL.py took 0.115 seconds
[2023-04-12T16:27:00.591+0000] {processor.py:156} INFO - Started process (PID=378) to work on /opt/airflow/dags/processSQL.py
[2023-04-12T16:27:00.591+0000] {processor.py:758} INFO - Processing file /opt/airflow/dags/processSQL.py for tasks to queue
[2023-04-12T16:27:00.592+0000] {logging_mixin.py:117} INFO - [2023-04-12T16:27:00.592+0000] {dagbag.py:525} INFO - Filling up the DagBag from /opt/airflow/dags/processSQL.py
[2023-04-12T16:27:00.645+0000] {processor.py:768} INFO - DAG(s) dict_keys(['postgresSQL']) retrieved from /opt/airflow/dags/processSQL.py
[2023-04-12T16:27:00.690+0000] {logging_mixin.py:117} INFO - [2023-04-12T16:27:00.690+0000] {dag.py:2573} INFO - Sync 1 DAGs
[2023-04-12T16:27:00.719+0000] {logging_mixin.py:117} INFO - [2023-04-12T16:27:00.719+0000] {dag.py:3324} INFO - Setting next_dagrun for postgresSQL to 2023-01-31T17:00:00+00:00, run_after=2023-01-31T17:00:00+00:00
[2023-04-12T16:27:00.741+0000] {processor.py:178} INFO - Processing /opt/airflow/dags/processSQL.py took 0.155 seconds
[2023-04-12T16:27:31.174+0000] {processor.py:156} INFO - Started process (PID=403) to work on /opt/airflow/dags/processSQL.py
[2023-04-12T16:27:31.175+0000] {processor.py:758} INFO - Processing file /opt/airflow/dags/processSQL.py for tasks to queue
[2023-04-12T16:27:31.175+0000] {logging_mixin.py:117} INFO - [2023-04-12T16:27:31.175+0000] {dagbag.py:525} INFO - Filling up the DagBag from /opt/airflow/dags/processSQL.py
[2023-04-12T16:27:31.212+0000] {processor.py:768} INFO - DAG(s) dict_keys(['postgresSQL']) retrieved from /opt/airflow/dags/processSQL.py
[2023-04-12T16:27:31.253+0000] {logging_mixin.py:117} INFO - [2023-04-12T16:27:31.252+0000] {dag.py:2573} INFO - Sync 1 DAGs
[2023-04-12T16:27:31.275+0000] {logging_mixin.py:117} INFO - [2023-04-12T16:27:31.275+0000] {dag.py:3324} INFO - Setting next_dagrun for postgresSQL to 2023-01-31T17:00:00+00:00, run_after=2023-01-31T17:00:00+00:00
[2023-04-12T16:27:31.290+0000] {processor.py:178} INFO - Processing /opt/airflow/dags/processSQL.py took 0.120 seconds
[2023-04-12T16:28:01.698+0000] {processor.py:156} INFO - Started process (PID=428) to work on /opt/airflow/dags/processSQL.py
[2023-04-12T16:28:01.699+0000] {processor.py:758} INFO - Processing file /opt/airflow/dags/processSQL.py for tasks to queue
[2023-04-12T16:28:01.700+0000] {logging_mixin.py:117} INFO - [2023-04-12T16:28:01.700+0000] {dagbag.py:525} INFO - Filling up the DagBag from /opt/airflow/dags/processSQL.py
[2023-04-12T16:28:01.735+0000] {processor.py:768} INFO - DAG(s) dict_keys(['postgresSQL']) retrieved from /opt/airflow/dags/processSQL.py
[2023-04-12T16:28:01.770+0000] {logging_mixin.py:117} INFO - [2023-04-12T16:28:01.770+0000] {dag.py:2573} INFO - Sync 1 DAGs
[2023-04-12T16:28:01.792+0000] {logging_mixin.py:117} INFO - [2023-04-12T16:28:01.792+0000] {dag.py:3324} INFO - Setting next_dagrun for postgresSQL to 2023-01-31T17:00:00+00:00, run_after=2023-01-31T17:00:00+00:00
[2023-04-12T16:28:01.809+0000] {processor.py:178} INFO - Processing /opt/airflow/dags/processSQL.py took 0.115 seconds
[2023-04-12T16:28:32.252+0000] {processor.py:156} INFO - Started process (PID=453) to work on /opt/airflow/dags/processSQL.py
[2023-04-12T16:28:32.253+0000] {processor.py:758} INFO - Processing file /opt/airflow/dags/processSQL.py for tasks to queue
[2023-04-12T16:28:32.253+0000] {logging_mixin.py:117} INFO - [2023-04-12T16:28:32.253+0000] {dagbag.py:525} INFO - Filling up the DagBag from /opt/airflow/dags/processSQL.py
[2023-04-12T16:28:32.302+0000] {processor.py:768} INFO - DAG(s) dict_keys(['postgresSQL']) retrieved from /opt/airflow/dags/processSQL.py
[2023-04-12T16:28:32.344+0000] {logging_mixin.py:117} INFO - [2023-04-12T16:28:32.344+0000] {dag.py:2573} INFO - Sync 1 DAGs
[2023-04-12T16:28:32.364+0000] {logging_mixin.py:117} INFO - [2023-04-12T16:28:32.364+0000] {dag.py:3324} INFO - Setting next_dagrun for postgresSQL to 2023-01-31T17:00:00+00:00, run_after=2023-01-31T17:00:00+00:00
[2023-04-12T16:28:32.379+0000] {processor.py:178} INFO - Processing /opt/airflow/dags/processSQL.py took 0.130 seconds
[2023-04-12T16:29:02.789+0000] {processor.py:156} INFO - Started process (PID=471) to work on /opt/airflow/dags/processSQL.py
[2023-04-12T16:29:02.790+0000] {processor.py:758} INFO - Processing file /opt/airflow/dags/processSQL.py for tasks to queue
[2023-04-12T16:29:02.791+0000] {logging_mixin.py:117} INFO - [2023-04-12T16:29:02.791+0000] {dagbag.py:525} INFO - Filling up the DagBag from /opt/airflow/dags/processSQL.py
[2023-04-12T16:29:02.827+0000] {processor.py:768} INFO - DAG(s) dict_keys(['postgresSQL']) retrieved from /opt/airflow/dags/processSQL.py
[2023-04-12T16:29:02.867+0000] {logging_mixin.py:117} INFO - [2023-04-12T16:29:02.867+0000] {dag.py:2573} INFO - Sync 1 DAGs
[2023-04-12T16:29:02.888+0000] {logging_mixin.py:117} INFO - [2023-04-12T16:29:02.888+0000] {dag.py:3324} INFO - Setting next_dagrun for postgresSQL to 2023-01-31T17:00:00+00:00, run_after=2023-01-31T17:00:00+00:00
[2023-04-12T16:29:02.903+0000] {processor.py:178} INFO - Processing /opt/airflow/dags/processSQL.py took 0.117 seconds
