[2023-04-12T16:11:58.044+0000] {processor.py:156} INFO - Started process (PID=25) to work on /opt/airflow/dags/spark_process_scheduler.py
[2023-04-12T16:11:58.045+0000] {processor.py:758} INFO - Processing file /opt/airflow/dags/spark_process_scheduler.py for tasks to queue
[2023-04-12T16:11:58.046+0000] {logging_mixin.py:117} INFO - [2023-04-12T16:11:58.046+0000] {dagbag.py:525} INFO - Filling up the DagBag from /opt/airflow/dags/spark_process_scheduler.py
[2023-04-12T16:11:58.126+0000] {processor.py:768} INFO - DAG(s) dict_keys(['spark_process_data_10']) retrieved from /opt/airflow/dags/spark_process_scheduler.py
[2023-04-12T16:11:58.166+0000] {logging_mixin.py:117} INFO - [2023-04-12T16:11:58.165+0000] {dag.py:2573} INFO - Sync 1 DAGs
[2023-04-12T16:11:58.341+0000] {logging_mixin.py:117} INFO - [2023-04-12T16:11:58.341+0000] {dag.py:3324} INFO - Setting next_dagrun for spark_process_data_10 to 2023-04-11T17:00:00+00:00, run_after=2023-04-12T17:00:00+00:00
[2023-04-12T16:11:58.364+0000] {processor.py:178} INFO - Processing /opt/airflow/dags/spark_process_scheduler.py took 0.324 seconds
[2023-04-12T16:12:28.632+0000] {processor.py:156} INFO - Started process (PID=50) to work on /opt/airflow/dags/spark_process_scheduler.py
[2023-04-12T16:12:28.633+0000] {processor.py:758} INFO - Processing file /opt/airflow/dags/spark_process_scheduler.py for tasks to queue
[2023-04-12T16:12:28.634+0000] {logging_mixin.py:117} INFO - [2023-04-12T16:12:28.634+0000] {dagbag.py:525} INFO - Filling up the DagBag from /opt/airflow/dags/spark_process_scheduler.py
[2023-04-12T16:12:28.686+0000] {processor.py:768} INFO - DAG(s) dict_keys(['spark_process_data_10']) retrieved from /opt/airflow/dags/spark_process_scheduler.py
[2023-04-12T16:12:28.840+0000] {logging_mixin.py:117} INFO - [2023-04-12T16:12:28.840+0000] {dag.py:2573} INFO - Sync 1 DAGs
[2023-04-12T16:12:28.865+0000] {logging_mixin.py:117} INFO - [2023-04-12T16:12:28.865+0000] {dag.py:3324} INFO - Setting next_dagrun for spark_process_data_10 to 2023-04-11T17:00:00+00:00, run_after=2023-04-12T17:00:00+00:00
[2023-04-12T16:12:28.891+0000] {processor.py:178} INFO - Processing /opt/airflow/dags/spark_process_scheduler.py took 0.262 seconds
[2023-04-12T16:12:59.418+0000] {processor.py:156} INFO - Started process (PID=67) to work on /opt/airflow/dags/spark_process_scheduler.py
[2023-04-12T16:12:59.427+0000] {processor.py:758} INFO - Processing file /opt/airflow/dags/spark_process_scheduler.py for tasks to queue
[2023-04-12T16:12:59.428+0000] {logging_mixin.py:117} INFO - [2023-04-12T16:12:59.428+0000] {dagbag.py:525} INFO - Filling up the DagBag from /opt/airflow/dags/spark_process_scheduler.py
[2023-04-12T16:12:59.596+0000] {processor.py:768} INFO - DAG(s) dict_keys(['spark_process_data_10']) retrieved from /opt/airflow/dags/spark_process_scheduler.py
[2023-04-12T16:12:59.642+0000] {logging_mixin.py:117} INFO - [2023-04-12T16:12:59.642+0000] {dag.py:2573} INFO - Sync 1 DAGs
[2023-04-12T16:12:59.673+0000] {logging_mixin.py:117} INFO - [2023-04-12T16:12:59.672+0000] {dag.py:3324} INFO - Setting next_dagrun for spark_process_data_10 to 2023-04-11T17:00:00+00:00, run_after=2023-04-12T17:00:00+00:00
[2023-04-12T16:12:59.693+0000] {processor.py:178} INFO - Processing /opt/airflow/dags/spark_process_scheduler.py took 0.280 seconds
[2023-04-12T16:13:30.209+0000] {processor.py:156} INFO - Started process (PID=92) to work on /opt/airflow/dags/spark_process_scheduler.py
[2023-04-12T16:13:30.218+0000] {processor.py:758} INFO - Processing file /opt/airflow/dags/spark_process_scheduler.py for tasks to queue
[2023-04-12T16:13:30.220+0000] {logging_mixin.py:117} INFO - [2023-04-12T16:13:30.219+0000] {dagbag.py:525} INFO - Filling up the DagBag from /opt/airflow/dags/spark_process_scheduler.py
[2023-04-12T16:13:30.389+0000] {processor.py:768} INFO - DAG(s) dict_keys(['spark_process_data_11']) retrieved from /opt/airflow/dags/spark_process_scheduler.py
[2023-04-12T16:13:30.531+0000] {logging_mixin.py:117} INFO - [2023-04-12T16:13:30.530+0000] {manager.py:508} INFO - Created Permission View: can edit on DAG:spark_process_data_11
[2023-04-12T16:13:30.541+0000] {logging_mixin.py:117} INFO - [2023-04-12T16:13:30.541+0000] {manager.py:508} INFO - Created Permission View: can delete on DAG:spark_process_data_11
[2023-04-12T16:13:30.552+0000] {logging_mixin.py:117} INFO - [2023-04-12T16:13:30.551+0000] {manager.py:508} INFO - Created Permission View: can read on DAG:spark_process_data_11
[2023-04-12T16:13:30.552+0000] {logging_mixin.py:117} INFO - [2023-04-12T16:13:30.552+0000] {dag.py:2573} INFO - Sync 1 DAGs
[2023-04-12T16:13:30.582+0000] {logging_mixin.py:117} INFO - [2023-04-12T16:13:30.581+0000] {dag.py:2594} INFO - Creating ORM DAG for spark_process_data_11
[2023-04-12T16:13:30.607+0000] {logging_mixin.py:117} INFO - [2023-04-12T16:13:30.606+0000] {dag.py:3324} INFO - Setting next_dagrun for spark_process_data_11 to 2023-04-11T17:00:00+00:00, run_after=2023-04-12T17:00:00+00:00
[2023-04-12T16:13:30.660+0000] {processor.py:178} INFO - Processing /opt/airflow/dags/spark_process_scheduler.py took 0.457 seconds
[2023-04-12T16:14:01.235+0000] {processor.py:156} INFO - Started process (PID=117) to work on /opt/airflow/dags/spark_process_scheduler.py
[2023-04-12T16:14:01.244+0000] {processor.py:758} INFO - Processing file /opt/airflow/dags/spark_process_scheduler.py for tasks to queue
[2023-04-12T16:14:01.244+0000] {logging_mixin.py:117} INFO - [2023-04-12T16:14:01.244+0000] {dagbag.py:525} INFO - Filling up the DagBag from /opt/airflow/dags/spark_process_scheduler.py
[2023-04-12T16:14:01.416+0000] {processor.py:768} INFO - DAG(s) dict_keys(['spark_process_data_11']) retrieved from /opt/airflow/dags/spark_process_scheduler.py
[2023-04-12T16:14:01.459+0000] {logging_mixin.py:117} INFO - [2023-04-12T16:14:01.459+0000] {dag.py:2573} INFO - Sync 1 DAGs
[2023-04-12T16:14:01.489+0000] {logging_mixin.py:117} INFO - [2023-04-12T16:14:01.488+0000] {dag.py:3324} INFO - Setting next_dagrun for spark_process_data_11 to 2023-04-11T17:00:00+00:00, run_after=2023-04-12T17:00:00+00:00
[2023-04-12T16:14:01.508+0000] {processor.py:178} INFO - Processing /opt/airflow/dags/spark_process_scheduler.py took 0.278 seconds
[2023-04-12T16:14:32.159+0000] {processor.py:156} INFO - Started process (PID=135) to work on /opt/airflow/dags/spark_process_scheduler.py
[2023-04-12T16:14:32.160+0000] {processor.py:758} INFO - Processing file /opt/airflow/dags/spark_process_scheduler.py for tasks to queue
[2023-04-12T16:14:32.161+0000] {logging_mixin.py:117} INFO - [2023-04-12T16:14:32.161+0000] {dagbag.py:525} INFO - Filling up the DagBag from /opt/airflow/dags/spark_process_scheduler.py
[2023-04-12T16:14:32.320+0000] {processor.py:768} INFO - DAG(s) dict_keys(['spark_process_data_11']) retrieved from /opt/airflow/dags/spark_process_scheduler.py
[2023-04-12T16:14:32.370+0000] {logging_mixin.py:117} INFO - [2023-04-12T16:14:32.369+0000] {dag.py:2573} INFO - Sync 1 DAGs
[2023-04-12T16:14:32.402+0000] {logging_mixin.py:117} INFO - [2023-04-12T16:14:32.402+0000] {dag.py:3324} INFO - Setting next_dagrun for spark_process_data_11 to 2023-04-11T17:00:00+00:00, run_after=2023-04-12T17:00:00+00:00
[2023-04-12T16:14:32.427+0000] {processor.py:178} INFO - Processing /opt/airflow/dags/spark_process_scheduler.py took 0.271 seconds
[2023-04-12T16:15:03.045+0000] {processor.py:156} INFO - Started process (PID=160) to work on /opt/airflow/dags/spark_process_scheduler.py
[2023-04-12T16:15:03.054+0000] {processor.py:758} INFO - Processing file /opt/airflow/dags/spark_process_scheduler.py for tasks to queue
[2023-04-12T16:15:03.055+0000] {logging_mixin.py:117} INFO - [2023-04-12T16:15:03.055+0000] {dagbag.py:525} INFO - Filling up the DagBag from /opt/airflow/dags/spark_process_scheduler.py
[2023-04-12T16:15:03.110+0000] {processor.py:768} INFO - DAG(s) dict_keys(['spark_process_data_11']) retrieved from /opt/airflow/dags/spark_process_scheduler.py
[2023-04-12T16:15:03.161+0000] {logging_mixin.py:117} INFO - [2023-04-12T16:15:03.161+0000] {dag.py:2573} INFO - Sync 1 DAGs
[2023-04-12T16:15:03.183+0000] {logging_mixin.py:117} INFO - [2023-04-12T16:15:03.183+0000] {dag.py:3324} INFO - Setting next_dagrun for spark_process_data_11 to 2023-04-11T17:00:00+00:00, run_after=2023-04-12T17:00:00+00:00
[2023-04-12T16:15:03.200+0000] {processor.py:178} INFO - Processing /opt/airflow/dags/spark_process_scheduler.py took 0.161 seconds
[2023-04-12T16:15:33.571+0000] {processor.py:156} INFO - Started process (PID=185) to work on /opt/airflow/dags/spark_process_scheduler.py
[2023-04-12T16:15:33.579+0000] {processor.py:758} INFO - Processing file /opt/airflow/dags/spark_process_scheduler.py for tasks to queue
[2023-04-12T16:15:33.580+0000] {logging_mixin.py:117} INFO - [2023-04-12T16:15:33.580+0000] {dagbag.py:525} INFO - Filling up the DagBag from /opt/airflow/dags/spark_process_scheduler.py
[2023-04-12T16:15:33.629+0000] {processor.py:768} INFO - DAG(s) dict_keys(['spark_process_data_11']) retrieved from /opt/airflow/dags/spark_process_scheduler.py
[2023-04-12T16:15:33.668+0000] {logging_mixin.py:117} INFO - [2023-04-12T16:15:33.668+0000] {dag.py:2573} INFO - Sync 1 DAGs
[2023-04-12T16:15:33.692+0000] {logging_mixin.py:117} INFO - [2023-04-12T16:15:33.691+0000] {dag.py:3324} INFO - Setting next_dagrun for spark_process_data_11 to 2023-04-11T17:00:00+00:00, run_after=2023-04-12T17:00:00+00:00
[2023-04-12T16:15:33.711+0000] {processor.py:178} INFO - Processing /opt/airflow/dags/spark_process_scheduler.py took 0.145 seconds
[2023-04-12T16:19:20.374+0000] {processor.py:156} INFO - Started process (PID=24) to work on /opt/airflow/dags/spark_process_scheduler.py
[2023-04-12T16:19:20.376+0000] {processor.py:758} INFO - Processing file /opt/airflow/dags/spark_process_scheduler.py for tasks to queue
[2023-04-12T16:19:20.377+0000] {logging_mixin.py:117} INFO - [2023-04-12T16:19:20.376+0000] {dagbag.py:525} INFO - Filling up the DagBag from /opt/airflow/dags/spark_process_scheduler.py
[2023-04-12T16:19:20.451+0000] {processor.py:768} INFO - DAG(s) dict_keys(['spark_process_data_11']) retrieved from /opt/airflow/dags/spark_process_scheduler.py
[2023-04-12T16:19:20.674+0000] {logging_mixin.py:117} INFO - [2023-04-12T16:19:20.674+0000] {dag.py:2573} INFO - Sync 1 DAGs
[2023-04-12T16:19:20.714+0000] {logging_mixin.py:117} INFO - [2023-04-12T16:19:20.714+0000] {dag.py:3324} INFO - Setting next_dagrun for spark_process_data_11 to 2023-04-11T17:00:00+00:00, run_after=2023-04-12T17:00:00+00:00
[2023-04-12T16:19:20.756+0000] {processor.py:178} INFO - Processing /opt/airflow/dags/spark_process_scheduler.py took 0.387 seconds
[2023-04-12T16:19:51.391+0000] {processor.py:156} INFO - Started process (PID=50) to work on /opt/airflow/dags/spark_process_scheduler.py
[2023-04-12T16:19:51.393+0000] {processor.py:758} INFO - Processing file /opt/airflow/dags/spark_process_scheduler.py for tasks to queue
[2023-04-12T16:19:51.394+0000] {logging_mixin.py:117} INFO - [2023-04-12T16:19:51.394+0000] {dagbag.py:525} INFO - Filling up the DagBag from /opt/airflow/dags/spark_process_scheduler.py
[2023-04-12T16:19:51.447+0000] {processor.py:768} INFO - DAG(s) dict_keys(['spark_process_data_11']) retrieved from /opt/airflow/dags/spark_process_scheduler.py
[2023-04-12T16:19:51.643+0000] {logging_mixin.py:117} INFO - [2023-04-12T16:19:51.642+0000] {dag.py:2573} INFO - Sync 1 DAGs
[2023-04-12T16:19:51.684+0000] {logging_mixin.py:117} INFO - [2023-04-12T16:19:51.684+0000] {dag.py:3324} INFO - Setting next_dagrun for spark_process_data_11 to 2023-04-11T17:00:00+00:00, run_after=2023-04-12T17:00:00+00:00
[2023-04-12T16:19:51.715+0000] {processor.py:178} INFO - Processing /opt/airflow/dags/spark_process_scheduler.py took 0.328 seconds
[2023-04-12T16:20:22.457+0000] {processor.py:156} INFO - Started process (PID=68) to work on /opt/airflow/dags/spark_process_scheduler.py
[2023-04-12T16:20:22.466+0000] {processor.py:758} INFO - Processing file /opt/airflow/dags/spark_process_scheduler.py for tasks to queue
[2023-04-12T16:20:22.466+0000] {logging_mixin.py:117} INFO - [2023-04-12T16:20:22.466+0000] {dagbag.py:525} INFO - Filling up the DagBag from /opt/airflow/dags/spark_process_scheduler.py
[2023-04-12T16:20:22.617+0000] {processor.py:768} INFO - DAG(s) dict_keys(['spark_process_data_11']) retrieved from /opt/airflow/dags/spark_process_scheduler.py
[2023-04-12T16:20:22.660+0000] {logging_mixin.py:117} INFO - [2023-04-12T16:20:22.660+0000] {dag.py:2573} INFO - Sync 1 DAGs
[2023-04-12T16:20:22.690+0000] {logging_mixin.py:117} INFO - [2023-04-12T16:20:22.690+0000] {dag.py:3324} INFO - Setting next_dagrun for spark_process_data_11 to 2023-04-11T17:00:00+00:00, run_after=2023-04-12T17:00:00+00:00
[2023-04-12T16:20:22.710+0000] {processor.py:178} INFO - Processing /opt/airflow/dags/spark_process_scheduler.py took 0.257 seconds
[2023-04-12T16:20:53.171+0000] {processor.py:156} INFO - Started process (PID=93) to work on /opt/airflow/dags/spark_process_scheduler.py
[2023-04-12T16:20:53.173+0000] {processor.py:758} INFO - Processing file /opt/airflow/dags/spark_process_scheduler.py for tasks to queue
[2023-04-12T16:20:53.173+0000] {logging_mixin.py:117} INFO - [2023-04-12T16:20:53.173+0000] {dagbag.py:525} INFO - Filling up the DagBag from /opt/airflow/dags/spark_process_scheduler.py
[2023-04-12T16:20:53.339+0000] {processor.py:768} INFO - DAG(s) dict_keys(['spark_process_data_11']) retrieved from /opt/airflow/dags/spark_process_scheduler.py
[2023-04-12T16:20:53.376+0000] {logging_mixin.py:117} INFO - [2023-04-12T16:20:53.376+0000] {dag.py:2573} INFO - Sync 1 DAGs
[2023-04-12T16:20:53.399+0000] {logging_mixin.py:117} INFO - [2023-04-12T16:20:53.399+0000] {dag.py:3324} INFO - Setting next_dagrun for spark_process_data_11 to 2023-04-11T17:00:00+00:00, run_after=2023-04-12T17:00:00+00:00
[2023-04-12T16:20:53.414+0000] {processor.py:178} INFO - Processing /opt/airflow/dags/spark_process_scheduler.py took 0.247 seconds
[2023-04-12T16:21:23.901+0000] {processor.py:156} INFO - Started process (PID=119) to work on /opt/airflow/dags/spark_process_scheduler.py
[2023-04-12T16:21:23.912+0000] {processor.py:758} INFO - Processing file /opt/airflow/dags/spark_process_scheduler.py for tasks to queue
[2023-04-12T16:21:23.913+0000] {logging_mixin.py:117} INFO - [2023-04-12T16:21:23.913+0000] {dagbag.py:525} INFO - Filling up the DagBag from /opt/airflow/dags/spark_process_scheduler.py
[2023-04-12T16:21:24.062+0000] {processor.py:768} INFO - DAG(s) dict_keys(['spark_process_data_11']) retrieved from /opt/airflow/dags/spark_process_scheduler.py
[2023-04-12T16:21:24.103+0000] {logging_mixin.py:117} INFO - [2023-04-12T16:21:24.103+0000] {dag.py:2573} INFO - Sync 1 DAGs
[2023-04-12T16:21:24.126+0000] {logging_mixin.py:117} INFO - [2023-04-12T16:21:24.126+0000] {dag.py:3324} INFO - Setting next_dagrun for spark_process_data_11 to 2023-04-11T17:00:00+00:00, run_after=2023-04-12T17:00:00+00:00
[2023-04-12T16:21:24.143+0000] {processor.py:178} INFO - Processing /opt/airflow/dags/spark_process_scheduler.py took 0.247 seconds
[2023-04-12T16:21:54.605+0000] {processor.py:156} INFO - Started process (PID=144) to work on /opt/airflow/dags/spark_process_scheduler.py
[2023-04-12T16:21:54.606+0000] {processor.py:758} INFO - Processing file /opt/airflow/dags/spark_process_scheduler.py for tasks to queue
[2023-04-12T16:21:54.607+0000] {logging_mixin.py:117} INFO - [2023-04-12T16:21:54.607+0000] {dagbag.py:525} INFO - Filling up the DagBag from /opt/airflow/dags/spark_process_scheduler.py
[2023-04-12T16:21:54.763+0000] {processor.py:768} INFO - DAG(s) dict_keys(['spark_process_data_11']) retrieved from /opt/airflow/dags/spark_process_scheduler.py
[2023-04-12T16:21:54.799+0000] {logging_mixin.py:117} INFO - [2023-04-12T16:21:54.799+0000] {dag.py:2573} INFO - Sync 1 DAGs
[2023-04-12T16:21:54.819+0000] {logging_mixin.py:117} INFO - [2023-04-12T16:21:54.819+0000] {dag.py:3324} INFO - Setting next_dagrun for spark_process_data_11 to 2023-04-11T17:00:00+00:00, run_after=2023-04-12T17:00:00+00:00
[2023-04-12T16:21:54.835+0000] {processor.py:178} INFO - Processing /opt/airflow/dags/spark_process_scheduler.py took 0.235 seconds
[2023-04-12T16:22:25.325+0000] {processor.py:156} INFO - Started process (PID=162) to work on /opt/airflow/dags/spark_process_scheduler.py
[2023-04-12T16:22:25.326+0000] {processor.py:758} INFO - Processing file /opt/airflow/dags/spark_process_scheduler.py for tasks to queue
[2023-04-12T16:22:25.327+0000] {logging_mixin.py:117} INFO - [2023-04-12T16:22:25.326+0000] {dagbag.py:525} INFO - Filling up the DagBag from /opt/airflow/dags/spark_process_scheduler.py
[2023-04-12T16:22:25.485+0000] {processor.py:768} INFO - DAG(s) dict_keys(['spark_process_data_11']) retrieved from /opt/airflow/dags/spark_process_scheduler.py
[2023-04-12T16:22:25.522+0000] {logging_mixin.py:117} INFO - [2023-04-12T16:22:25.522+0000] {dag.py:2573} INFO - Sync 1 DAGs
[2023-04-12T16:22:25.542+0000] {logging_mixin.py:117} INFO - [2023-04-12T16:22:25.542+0000] {dag.py:3324} INFO - Setting next_dagrun for spark_process_data_11 to 2023-04-11T17:00:00+00:00, run_after=2023-04-12T17:00:00+00:00
[2023-04-12T16:22:25.560+0000] {processor.py:178} INFO - Processing /opt/airflow/dags/spark_process_scheduler.py took 0.239 seconds
[2023-04-12T16:22:56.043+0000] {processor.py:156} INFO - Started process (PID=187) to work on /opt/airflow/dags/spark_process_scheduler.py
[2023-04-12T16:22:56.044+0000] {processor.py:758} INFO - Processing file /opt/airflow/dags/spark_process_scheduler.py for tasks to queue
[2023-04-12T16:22:56.045+0000] {logging_mixin.py:117} INFO - [2023-04-12T16:22:56.045+0000] {dagbag.py:525} INFO - Filling up the DagBag from /opt/airflow/dags/spark_process_scheduler.py
[2023-04-12T16:22:56.105+0000] {processor.py:768} INFO - DAG(s) dict_keys(['spark_process_data_11']) retrieved from /opt/airflow/dags/spark_process_scheduler.py
[2023-04-12T16:22:56.156+0000] {logging_mixin.py:117} INFO - [2023-04-12T16:22:56.156+0000] {dag.py:2573} INFO - Sync 1 DAGs
[2023-04-12T16:22:56.182+0000] {logging_mixin.py:117} INFO - [2023-04-12T16:22:56.182+0000] {dag.py:3324} INFO - Setting next_dagrun for spark_process_data_11 to 2023-04-11T17:00:00+00:00, run_after=2023-04-12T17:00:00+00:00
[2023-04-12T16:22:56.207+0000] {processor.py:178} INFO - Processing /opt/airflow/dags/spark_process_scheduler.py took 0.169 seconds
[2023-04-12T16:23:26.591+0000] {processor.py:156} INFO - Started process (PID=212) to work on /opt/airflow/dags/spark_process_scheduler.py
[2023-04-12T16:23:26.599+0000] {processor.py:758} INFO - Processing file /opt/airflow/dags/spark_process_scheduler.py for tasks to queue
[2023-04-12T16:23:26.599+0000] {logging_mixin.py:117} INFO - [2023-04-12T16:23:26.599+0000] {dagbag.py:525} INFO - Filling up the DagBag from /opt/airflow/dags/spark_process_scheduler.py
[2023-04-12T16:23:26.646+0000] {processor.py:768} INFO - DAG(s) dict_keys(['spark_process_data_11']) retrieved from /opt/airflow/dags/spark_process_scheduler.py
[2023-04-12T16:23:26.693+0000] {logging_mixin.py:117} INFO - [2023-04-12T16:23:26.693+0000] {dag.py:2573} INFO - Sync 1 DAGs
[2023-04-12T16:23:26.719+0000] {logging_mixin.py:117} INFO - [2023-04-12T16:23:26.719+0000] {dag.py:3324} INFO - Setting next_dagrun for spark_process_data_11 to 2023-04-11T17:00:00+00:00, run_after=2023-04-12T17:00:00+00:00
[2023-04-12T16:23:26.736+0000] {processor.py:178} INFO - Processing /opt/airflow/dags/spark_process_scheduler.py took 0.149 seconds
[2023-04-12T16:23:57.093+0000] {processor.py:156} INFO - Started process (PID=237) to work on /opt/airflow/dags/spark_process_scheduler.py
[2023-04-12T16:23:57.094+0000] {processor.py:758} INFO - Processing file /opt/airflow/dags/spark_process_scheduler.py for tasks to queue
[2023-04-12T16:23:57.096+0000] {logging_mixin.py:117} INFO - [2023-04-12T16:23:57.095+0000] {dagbag.py:525} INFO - Filling up the DagBag from /opt/airflow/dags/spark_process_scheduler.py
[2023-04-12T16:23:57.147+0000] {processor.py:768} INFO - DAG(s) dict_keys(['spark_process_data_11']) retrieved from /opt/airflow/dags/spark_process_scheduler.py
[2023-04-12T16:23:57.203+0000] {logging_mixin.py:117} INFO - [2023-04-12T16:23:57.203+0000] {dag.py:2573} INFO - Sync 1 DAGs
[2023-04-12T16:23:57.240+0000] {logging_mixin.py:117} INFO - [2023-04-12T16:23:57.239+0000] {dag.py:3324} INFO - Setting next_dagrun for spark_process_data_11 to 2023-04-11T17:00:00+00:00, run_after=2023-04-12T17:00:00+00:00
[2023-04-12T16:23:57.274+0000] {processor.py:178} INFO - Processing /opt/airflow/dags/spark_process_scheduler.py took 0.190 seconds
[2023-04-12T16:24:27.742+0000] {processor.py:156} INFO - Started process (PID=263) to work on /opt/airflow/dags/spark_process_scheduler.py
[2023-04-12T16:24:27.743+0000] {processor.py:758} INFO - Processing file /opt/airflow/dags/spark_process_scheduler.py for tasks to queue
[2023-04-12T16:24:27.744+0000] {logging_mixin.py:117} INFO - [2023-04-12T16:24:27.743+0000] {dagbag.py:525} INFO - Filling up the DagBag from /opt/airflow/dags/spark_process_scheduler.py
[2023-04-12T16:24:27.782+0000] {processor.py:768} INFO - DAG(s) dict_keys(['spark_process_data_11']) retrieved from /opt/airflow/dags/spark_process_scheduler.py
[2023-04-12T16:24:27.819+0000] {logging_mixin.py:117} INFO - [2023-04-12T16:24:27.818+0000] {dag.py:2573} INFO - Sync 1 DAGs
[2023-04-12T16:24:27.842+0000] {logging_mixin.py:117} INFO - [2023-04-12T16:24:27.842+0000] {dag.py:3324} INFO - Setting next_dagrun for spark_process_data_11 to 2023-04-11T17:00:00+00:00, run_after=2023-04-12T17:00:00+00:00
[2023-04-12T16:24:27.862+0000] {processor.py:178} INFO - Processing /opt/airflow/dags/spark_process_scheduler.py took 0.123 seconds
[2023-04-12T16:24:58.223+0000] {processor.py:156} INFO - Started process (PID=281) to work on /opt/airflow/dags/spark_process_scheduler.py
[2023-04-12T16:24:58.226+0000] {processor.py:758} INFO - Processing file /opt/airflow/dags/spark_process_scheduler.py for tasks to queue
[2023-04-12T16:24:58.227+0000] {logging_mixin.py:117} INFO - [2023-04-12T16:24:58.226+0000] {dagbag.py:525} INFO - Filling up the DagBag from /opt/airflow/dags/spark_process_scheduler.py
[2023-04-12T16:24:58.280+0000] {processor.py:768} INFO - DAG(s) dict_keys(['spark_process_data_11']) retrieved from /opt/airflow/dags/spark_process_scheduler.py
[2023-04-12T16:24:58.337+0000] {logging_mixin.py:117} INFO - [2023-04-12T16:24:58.336+0000] {dag.py:2573} INFO - Sync 1 DAGs
[2023-04-12T16:24:58.364+0000] {logging_mixin.py:117} INFO - [2023-04-12T16:24:58.363+0000] {dag.py:3324} INFO - Setting next_dagrun for spark_process_data_11 to 2023-04-11T17:00:00+00:00, run_after=2023-04-12T17:00:00+00:00
[2023-04-12T16:24:58.387+0000] {processor.py:178} INFO - Processing /opt/airflow/dags/spark_process_scheduler.py took 0.170 seconds
[2023-04-12T16:25:28.796+0000] {processor.py:156} INFO - Started process (PID=306) to work on /opt/airflow/dags/spark_process_scheduler.py
[2023-04-12T16:25:28.802+0000] {processor.py:758} INFO - Processing file /opt/airflow/dags/spark_process_scheduler.py for tasks to queue
[2023-04-12T16:25:28.802+0000] {logging_mixin.py:117} INFO - [2023-04-12T16:25:28.802+0000] {dagbag.py:525} INFO - Filling up the DagBag from /opt/airflow/dags/spark_process_scheduler.py
[2023-04-12T16:25:28.845+0000] {processor.py:768} INFO - DAG(s) dict_keys(['spark_process_data_11']) retrieved from /opt/airflow/dags/spark_process_scheduler.py
[2023-04-12T16:25:28.886+0000] {logging_mixin.py:117} INFO - [2023-04-12T16:25:28.886+0000] {dag.py:2573} INFO - Sync 1 DAGs
[2023-04-12T16:25:28.910+0000] {logging_mixin.py:117} INFO - [2023-04-12T16:25:28.910+0000] {dag.py:3324} INFO - Setting next_dagrun for spark_process_data_11 to 2023-04-11T17:00:00+00:00, run_after=2023-04-12T17:00:00+00:00
[2023-04-12T16:25:28.928+0000] {processor.py:178} INFO - Processing /opt/airflow/dags/spark_process_scheduler.py took 0.137 seconds
[2023-04-12T16:25:59.293+0000] {processor.py:156} INFO - Started process (PID=332) to work on /opt/airflow/dags/spark_process_scheduler.py
[2023-04-12T16:25:59.294+0000] {processor.py:758} INFO - Processing file /opt/airflow/dags/spark_process_scheduler.py for tasks to queue
[2023-04-12T16:25:59.295+0000] {logging_mixin.py:117} INFO - [2023-04-12T16:25:59.295+0000] {dagbag.py:525} INFO - Filling up the DagBag from /opt/airflow/dags/spark_process_scheduler.py
[2023-04-12T16:25:59.342+0000] {processor.py:768} INFO - DAG(s) dict_keys(['spark_process_data_11']) retrieved from /opt/airflow/dags/spark_process_scheduler.py
[2023-04-12T16:25:59.381+0000] {logging_mixin.py:117} INFO - [2023-04-12T16:25:59.381+0000] {dag.py:2573} INFO - Sync 1 DAGs
[2023-04-12T16:25:59.404+0000] {logging_mixin.py:117} INFO - [2023-04-12T16:25:59.404+0000] {dag.py:3324} INFO - Setting next_dagrun for spark_process_data_11 to 2023-04-11T17:00:00+00:00, run_after=2023-04-12T17:00:00+00:00
[2023-04-12T16:25:59.425+0000] {processor.py:178} INFO - Processing /opt/airflow/dags/spark_process_scheduler.py took 0.142 seconds
[2023-04-12T16:26:29.809+0000] {processor.py:156} INFO - Started process (PID=357) to work on /opt/airflow/dags/spark_process_scheduler.py
[2023-04-12T16:26:29.821+0000] {processor.py:758} INFO - Processing file /opt/airflow/dags/spark_process_scheduler.py for tasks to queue
[2023-04-12T16:26:29.822+0000] {logging_mixin.py:117} INFO - [2023-04-12T16:26:29.822+0000] {dagbag.py:525} INFO - Filling up the DagBag from /opt/airflow/dags/spark_process_scheduler.py
[2023-04-12T16:26:29.874+0000] {processor.py:768} INFO - DAG(s) dict_keys(['spark_process_data_11']) retrieved from /opt/airflow/dags/spark_process_scheduler.py
[2023-04-12T16:26:29.923+0000] {logging_mixin.py:117} INFO - [2023-04-12T16:26:29.923+0000] {dag.py:2573} INFO - Sync 1 DAGs
[2023-04-12T16:26:29.948+0000] {logging_mixin.py:117} INFO - [2023-04-12T16:26:29.948+0000] {dag.py:3324} INFO - Setting next_dagrun for spark_process_data_11 to 2023-04-11T17:00:00+00:00, run_after=2023-04-12T17:00:00+00:00
[2023-04-12T16:26:29.968+0000] {processor.py:178} INFO - Processing /opt/airflow/dags/spark_process_scheduler.py took 0.163 seconds
[2023-04-12T16:27:00.345+0000] {processor.py:156} INFO - Started process (PID=375) to work on /opt/airflow/dags/spark_process_scheduler.py
[2023-04-12T16:27:00.347+0000] {processor.py:758} INFO - Processing file /opt/airflow/dags/spark_process_scheduler.py for tasks to queue
[2023-04-12T16:27:00.348+0000] {logging_mixin.py:117} INFO - [2023-04-12T16:27:00.348+0000] {dagbag.py:525} INFO - Filling up the DagBag from /opt/airflow/dags/spark_process_scheduler.py
[2023-04-12T16:27:00.433+0000] {processor.py:768} INFO - DAG(s) dict_keys(['spark_process_data_11']) retrieved from /opt/airflow/dags/spark_process_scheduler.py
[2023-04-12T16:27:00.511+0000] {logging_mixin.py:117} INFO - [2023-04-12T16:27:00.510+0000] {dag.py:2573} INFO - Sync 1 DAGs
[2023-04-12T16:27:00.540+0000] {logging_mixin.py:117} INFO - [2023-04-12T16:27:00.540+0000] {dag.py:3324} INFO - Setting next_dagrun for spark_process_data_11 to 2023-04-11T17:00:00+00:00, run_after=2023-04-12T17:00:00+00:00
[2023-04-12T16:27:00.562+0000] {processor.py:178} INFO - Processing /opt/airflow/dags/spark_process_scheduler.py took 0.223 seconds
[2023-04-12T16:27:31.003+0000] {processor.py:156} INFO - Started process (PID=400) to work on /opt/airflow/dags/spark_process_scheduler.py
[2023-04-12T16:27:31.005+0000] {processor.py:758} INFO - Processing file /opt/airflow/dags/spark_process_scheduler.py for tasks to queue
[2023-04-12T16:27:31.006+0000] {logging_mixin.py:117} INFO - [2023-04-12T16:27:31.005+0000] {dagbag.py:525} INFO - Filling up the DagBag from /opt/airflow/dags/spark_process_scheduler.py
[2023-04-12T16:27:31.054+0000] {processor.py:768} INFO - DAG(s) dict_keys(['spark_process_data_11']) retrieved from /opt/airflow/dags/spark_process_scheduler.py
[2023-04-12T16:27:31.099+0000] {logging_mixin.py:117} INFO - [2023-04-12T16:27:31.099+0000] {dag.py:2573} INFO - Sync 1 DAGs
[2023-04-12T16:27:31.129+0000] {logging_mixin.py:117} INFO - [2023-04-12T16:27:31.129+0000] {dag.py:3324} INFO - Setting next_dagrun for spark_process_data_11 to 2023-04-11T17:00:00+00:00, run_after=2023-04-12T17:00:00+00:00
[2023-04-12T16:27:31.153+0000] {processor.py:178} INFO - Processing /opt/airflow/dags/spark_process_scheduler.py took 0.157 seconds
[2023-04-12T16:28:01.548+0000] {processor.py:156} INFO - Started process (PID=425) to work on /opt/airflow/dags/spark_process_scheduler.py
[2023-04-12T16:28:01.550+0000] {processor.py:758} INFO - Processing file /opt/airflow/dags/spark_process_scheduler.py for tasks to queue
[2023-04-12T16:28:01.551+0000] {logging_mixin.py:117} INFO - [2023-04-12T16:28:01.551+0000] {dagbag.py:525} INFO - Filling up the DagBag from /opt/airflow/dags/spark_process_scheduler.py
[2023-04-12T16:28:01.597+0000] {processor.py:768} INFO - DAG(s) dict_keys(['spark_process_data_11']) retrieved from /opt/airflow/dags/spark_process_scheduler.py
[2023-04-12T16:28:01.639+0000] {logging_mixin.py:117} INFO - [2023-04-12T16:28:01.639+0000] {dag.py:2573} INFO - Sync 1 DAGs
[2023-04-12T16:28:01.661+0000] {logging_mixin.py:117} INFO - [2023-04-12T16:28:01.661+0000] {dag.py:3324} INFO - Setting next_dagrun for spark_process_data_11 to 2023-04-11T17:00:00+00:00, run_after=2023-04-12T17:00:00+00:00
[2023-04-12T16:28:01.677+0000] {processor.py:178} INFO - Processing /opt/airflow/dags/spark_process_scheduler.py took 0.137 seconds
[2023-04-12T16:28:32.079+0000] {processor.py:156} INFO - Started process (PID=450) to work on /opt/airflow/dags/spark_process_scheduler.py
[2023-04-12T16:28:32.080+0000] {processor.py:758} INFO - Processing file /opt/airflow/dags/spark_process_scheduler.py for tasks to queue
[2023-04-12T16:28:32.081+0000] {logging_mixin.py:117} INFO - [2023-04-12T16:28:32.081+0000] {dagbag.py:525} INFO - Filling up the DagBag from /opt/airflow/dags/spark_process_scheduler.py
[2023-04-12T16:28:32.137+0000] {processor.py:768} INFO - DAG(s) dict_keys(['spark_process_data_11']) retrieved from /opt/airflow/dags/spark_process_scheduler.py
[2023-04-12T16:28:32.180+0000] {logging_mixin.py:117} INFO - [2023-04-12T16:28:32.180+0000] {dag.py:2573} INFO - Sync 1 DAGs
[2023-04-12T16:28:32.207+0000] {logging_mixin.py:117} INFO - [2023-04-12T16:28:32.206+0000] {dag.py:3324} INFO - Setting next_dagrun for spark_process_data_11 to 2023-04-11T17:00:00+00:00, run_after=2023-04-12T17:00:00+00:00
[2023-04-12T16:28:32.229+0000] {processor.py:178} INFO - Processing /opt/airflow/dags/spark_process_scheduler.py took 0.155 seconds
[2023-04-12T16:29:02.632+0000] {processor.py:156} INFO - Started process (PID=468) to work on /opt/airflow/dags/spark_process_scheduler.py
[2023-04-12T16:29:02.634+0000] {processor.py:758} INFO - Processing file /opt/airflow/dags/spark_process_scheduler.py for tasks to queue
[2023-04-12T16:29:02.635+0000] {logging_mixin.py:117} INFO - [2023-04-12T16:29:02.634+0000] {dagbag.py:525} INFO - Filling up the DagBag from /opt/airflow/dags/spark_process_scheduler.py
[2023-04-12T16:29:02.684+0000] {processor.py:768} INFO - DAG(s) dict_keys(['spark_process_data_11']) retrieved from /opt/airflow/dags/spark_process_scheduler.py
[2023-04-12T16:29:02.727+0000] {logging_mixin.py:117} INFO - [2023-04-12T16:29:02.727+0000] {dag.py:2573} INFO - Sync 1 DAGs
[2023-04-12T16:29:02.751+0000] {logging_mixin.py:117} INFO - [2023-04-12T16:29:02.751+0000] {dag.py:3324} INFO - Setting next_dagrun for spark_process_data_11 to 2023-04-11T17:00:00+00:00, run_after=2023-04-12T17:00:00+00:00
[2023-04-12T16:29:02.768+0000] {processor.py:178} INFO - Processing /opt/airflow/dags/spark_process_scheduler.py took 0.143 seconds
