[2023-04-12T16:11:58.226+0000] {processor.py:156} INFO - Started process (PID=27) to work on /opt/airflow/dags/subtaskexample.py
[2023-04-12T16:11:58.228+0000] {processor.py:758} INFO - Processing file /opt/airflow/dags/subtaskexample.py for tasks to queue
[2023-04-12T16:11:58.229+0000] {logging_mixin.py:117} INFO - [2023-04-12T16:11:58.228+0000] {dagbag.py:525} INFO - Filling up the DagBag from /opt/airflow/dags/subtaskexample.py
[2023-04-12T16:11:58.269+0000] {processor.py:768} INFO - DAG(s) dict_keys(['CHIQUANGDAG.subdag', 'CHIQUANGDAG']) retrieved from /opt/airflow/dags/subtaskexample.py
[2023-04-12T16:11:58.290+0000] {logging_mixin.py:117} INFO - [2023-04-12T16:11:58.290+0000] {dag.py:2573} INFO - Sync 2 DAGs
[2023-04-12T16:11:58.416+0000] {logging_mixin.py:117} INFO - [2023-04-12T16:11:58.415+0000] {dag.py:3324} INFO - Setting next_dagrun for CHIQUANGDAG to 2023-01-31T17:00:00+00:00, run_after=2023-02-01T17:00:00+00:00
[2023-04-12T16:11:58.419+0000] {logging_mixin.py:117} INFO - [2023-04-12T16:11:58.419+0000] {dag.py:3324} INFO - Setting next_dagrun for CHIQUANGDAG.subdag to None, run_after=None
[2023-04-12T16:11:58.425+0000] {logging_mixin.py:117} INFO - [2023-04-12T16:11:58.425+0000] {dag.py:2573} INFO - Sync 1 DAGs
[2023-04-12T16:11:58.431+0000] {logging_mixin.py:117} INFO - [2023-04-12T16:11:58.431+0000] {dag.py:3324} INFO - Setting next_dagrun for CHIQUANGDAG.subdag to None, run_after=None
[2023-04-12T16:11:58.445+0000] {processor.py:178} INFO - Processing /opt/airflow/dags/subtaskexample.py took 0.223 seconds
[2023-04-12T16:12:28.903+0000] {processor.py:156} INFO - Started process (PID=52) to work on /opt/airflow/dags/subtaskexample.py
[2023-04-12T16:12:28.905+0000] {processor.py:758} INFO - Processing file /opt/airflow/dags/subtaskexample.py for tasks to queue
[2023-04-12T16:12:28.905+0000] {logging_mixin.py:117} INFO - [2023-04-12T16:12:28.905+0000] {dagbag.py:525} INFO - Filling up the DagBag from /opt/airflow/dags/subtaskexample.py
[2023-04-12T16:12:28.943+0000] {processor.py:768} INFO - DAG(s) dict_keys(['CHIQUANGDAG.subdag', 'CHIQUANGDAG']) retrieved from /opt/airflow/dags/subtaskexample.py
[2023-04-12T16:12:29.239+0000] {logging_mixin.py:117} INFO - [2023-04-12T16:12:29.239+0000] {dag.py:2573} INFO - Sync 2 DAGs
[2023-04-12T16:12:29.268+0000] {logging_mixin.py:117} INFO - [2023-04-12T16:12:29.268+0000] {dag.py:3324} INFO - Setting next_dagrun for CHIQUANGDAG to 2023-01-31T17:00:00+00:00, run_after=2023-02-01T17:00:00+00:00
[2023-04-12T16:12:29.273+0000] {logging_mixin.py:117} INFO - [2023-04-12T16:12:29.273+0000] {dag.py:3324} INFO - Setting next_dagrun for CHIQUANGDAG.subdag to None, run_after=None
[2023-04-12T16:12:29.279+0000] {logging_mixin.py:117} INFO - [2023-04-12T16:12:29.279+0000] {dag.py:2573} INFO - Sync 1 DAGs
[2023-04-12T16:12:29.285+0000] {logging_mixin.py:117} INFO - [2023-04-12T16:12:29.285+0000] {dag.py:3324} INFO - Setting next_dagrun for CHIQUANGDAG.subdag to None, run_after=None
[2023-04-12T16:12:29.297+0000] {processor.py:178} INFO - Processing /opt/airflow/dags/subtaskexample.py took 0.400 seconds
[2023-04-12T16:12:59.679+0000] {processor.py:156} INFO - Started process (PID=69) to work on /opt/airflow/dags/subtaskexample.py
[2023-04-12T16:12:59.680+0000] {processor.py:758} INFO - Processing file /opt/airflow/dags/subtaskexample.py for tasks to queue
[2023-04-12T16:12:59.681+0000] {logging_mixin.py:117} INFO - [2023-04-12T16:12:59.680+0000] {dagbag.py:525} INFO - Filling up the DagBag from /opt/airflow/dags/subtaskexample.py
[2023-04-12T16:12:59.718+0000] {processor.py:768} INFO - DAG(s) dict_keys(['CHIQUANGDAG.subdag', 'CHIQUANGDAG']) retrieved from /opt/airflow/dags/subtaskexample.py
[2023-04-12T16:13:00.014+0000] {logging_mixin.py:117} INFO - [2023-04-12T16:13:00.014+0000] {dag.py:2573} INFO - Sync 2 DAGs
[2023-04-12T16:13:00.042+0000] {logging_mixin.py:117} INFO - [2023-04-12T16:13:00.041+0000] {dag.py:3324} INFO - Setting next_dagrun for CHIQUANGDAG to 2023-01-31T17:00:00+00:00, run_after=2023-02-01T17:00:00+00:00
[2023-04-12T16:13:00.046+0000] {logging_mixin.py:117} INFO - [2023-04-12T16:13:00.046+0000] {dag.py:3324} INFO - Setting next_dagrun for CHIQUANGDAG.subdag to None, run_after=None
[2023-04-12T16:13:00.052+0000] {logging_mixin.py:117} INFO - [2023-04-12T16:13:00.052+0000] {dag.py:2573} INFO - Sync 1 DAGs
[2023-04-12T16:13:00.060+0000] {logging_mixin.py:117} INFO - [2023-04-12T16:13:00.059+0000] {dag.py:3324} INFO - Setting next_dagrun for CHIQUANGDAG.subdag to None, run_after=None
[2023-04-12T16:13:00.070+0000] {processor.py:178} INFO - Processing /opt/airflow/dags/subtaskexample.py took 0.395 seconds
[2023-04-12T16:13:30.478+0000] {processor.py:156} INFO - Started process (PID=94) to work on /opt/airflow/dags/subtaskexample.py
[2023-04-12T16:13:30.479+0000] {processor.py:758} INFO - Processing file /opt/airflow/dags/subtaskexample.py for tasks to queue
[2023-04-12T16:13:30.480+0000] {logging_mixin.py:117} INFO - [2023-04-12T16:13:30.480+0000] {dagbag.py:525} INFO - Filling up the DagBag from /opt/airflow/dags/subtaskexample.py
[2023-04-12T16:13:30.522+0000] {processor.py:768} INFO - DAG(s) dict_keys(['CHIQUANGDAG.subdag', 'CHIQUANGDAG']) retrieved from /opt/airflow/dags/subtaskexample.py
[2023-04-12T16:13:30.942+0000] {logging_mixin.py:117} INFO - [2023-04-12T16:13:30.941+0000] {dag.py:2573} INFO - Sync 2 DAGs
[2023-04-12T16:13:30.977+0000] {logging_mixin.py:117} INFO - [2023-04-12T16:13:30.977+0000] {dag.py:3324} INFO - Setting next_dagrun for CHIQUANGDAG to 2023-01-31T17:00:00+00:00, run_after=2023-02-01T17:00:00+00:00
[2023-04-12T16:13:30.982+0000] {logging_mixin.py:117} INFO - [2023-04-12T16:13:30.982+0000] {dag.py:3324} INFO - Setting next_dagrun for CHIQUANGDAG.subdag to None, run_after=None
[2023-04-12T16:13:30.991+0000] {logging_mixin.py:117} INFO - [2023-04-12T16:13:30.991+0000] {dag.py:2573} INFO - Sync 1 DAGs
[2023-04-12T16:13:31.000+0000] {logging_mixin.py:117} INFO - [2023-04-12T16:13:30.999+0000] {dag.py:3324} INFO - Setting next_dagrun for CHIQUANGDAG.subdag to None, run_after=None
[2023-04-12T16:13:31.015+0000] {processor.py:178} INFO - Processing /opt/airflow/dags/subtaskexample.py took 0.542 seconds
[2023-04-12T16:14:01.538+0000] {processor.py:156} INFO - Started process (PID=119) to work on /opt/airflow/dags/subtaskexample.py
[2023-04-12T16:14:01.538+0000] {processor.py:758} INFO - Processing file /opt/airflow/dags/subtaskexample.py for tasks to queue
[2023-04-12T16:14:01.539+0000] {logging_mixin.py:117} INFO - [2023-04-12T16:14:01.539+0000] {dagbag.py:525} INFO - Filling up the DagBag from /opt/airflow/dags/subtaskexample.py
[2023-04-12T16:14:01.715+0000] {processor.py:768} INFO - DAG(s) dict_keys(['CHIQUANGDAG.subdag', 'CHIQUANGDAG']) retrieved from /opt/airflow/dags/subtaskexample.py
[2023-04-12T16:14:01.910+0000] {logging_mixin.py:117} INFO - [2023-04-12T16:14:01.910+0000] {dag.py:2573} INFO - Sync 2 DAGs
[2023-04-12T16:14:01.942+0000] {logging_mixin.py:117} INFO - [2023-04-12T16:14:01.942+0000] {dag.py:3324} INFO - Setting next_dagrun for CHIQUANGDAG to 2023-01-31T17:00:00+00:00, run_after=2023-02-01T17:00:00+00:00
[2023-04-12T16:14:01.946+0000] {logging_mixin.py:117} INFO - [2023-04-12T16:14:01.945+0000] {dag.py:3324} INFO - Setting next_dagrun for CHIQUANGDAG.subdag to None, run_after=None
[2023-04-12T16:14:01.952+0000] {logging_mixin.py:117} INFO - [2023-04-12T16:14:01.952+0000] {dag.py:2573} INFO - Sync 1 DAGs
[2023-04-12T16:14:01.957+0000] {logging_mixin.py:117} INFO - [2023-04-12T16:14:01.957+0000] {dag.py:3324} INFO - Setting next_dagrun for CHIQUANGDAG.subdag to None, run_after=None
[2023-04-12T16:14:01.978+0000] {processor.py:178} INFO - Processing /opt/airflow/dags/subtaskexample.py took 0.444 seconds
[2023-04-12T16:14:32.417+0000] {processor.py:156} INFO - Started process (PID=144) to work on /opt/airflow/dags/subtaskexample.py
[2023-04-12T16:14:32.418+0000] {processor.py:758} INFO - Processing file /opt/airflow/dags/subtaskexample.py for tasks to queue
[2023-04-12T16:14:32.418+0000] {logging_mixin.py:117} INFO - [2023-04-12T16:14:32.418+0000] {dagbag.py:525} INFO - Filling up the DagBag from /opt/airflow/dags/subtaskexample.py
[2023-04-12T16:14:32.585+0000] {processor.py:768} INFO - DAG(s) dict_keys(['CHIQUANGDAG.subdag', 'CHIQUANGDAG']) retrieved from /opt/airflow/dags/subtaskexample.py
[2023-04-12T16:14:32.726+0000] {logging_mixin.py:117} INFO - [2023-04-12T16:14:32.726+0000] {dag.py:2573} INFO - Sync 2 DAGs
[2023-04-12T16:14:32.748+0000] {logging_mixin.py:117} INFO - [2023-04-12T16:14:32.748+0000] {dag.py:3324} INFO - Setting next_dagrun for CHIQUANGDAG to 2023-01-31T17:00:00+00:00, run_after=2023-02-01T17:00:00+00:00
[2023-04-12T16:14:32.752+0000] {logging_mixin.py:117} INFO - [2023-04-12T16:14:32.751+0000] {dag.py:3324} INFO - Setting next_dagrun for CHIQUANGDAG.subdag to None, run_after=None
[2023-04-12T16:14:32.758+0000] {logging_mixin.py:117} INFO - [2023-04-12T16:14:32.758+0000] {dag.py:2573} INFO - Sync 1 DAGs
[2023-04-12T16:14:32.767+0000] {logging_mixin.py:117} INFO - [2023-04-12T16:14:32.766+0000] {dag.py:3324} INFO - Setting next_dagrun for CHIQUANGDAG.subdag to None, run_after=None
[2023-04-12T16:14:32.783+0000] {processor.py:178} INFO - Processing /opt/airflow/dags/subtaskexample.py took 0.369 seconds
[2023-04-12T16:15:03.207+0000] {processor.py:156} INFO - Started process (PID=162) to work on /opt/airflow/dags/subtaskexample.py
[2023-04-12T16:15:03.208+0000] {processor.py:758} INFO - Processing file /opt/airflow/dags/subtaskexample.py for tasks to queue
[2023-04-12T16:15:03.209+0000] {logging_mixin.py:117} INFO - [2023-04-12T16:15:03.209+0000] {dagbag.py:525} INFO - Filling up the DagBag from /opt/airflow/dags/subtaskexample.py
[2023-04-12T16:15:03.240+0000] {processor.py:768} INFO - DAG(s) dict_keys(['CHIQUANGDAG.subdag', 'CHIQUANGDAG']) retrieved from /opt/airflow/dags/subtaskexample.py
[2023-04-12T16:15:03.380+0000] {logging_mixin.py:117} INFO - [2023-04-12T16:15:03.380+0000] {dag.py:2573} INFO - Sync 2 DAGs
[2023-04-12T16:15:03.402+0000] {logging_mixin.py:117} INFO - [2023-04-12T16:15:03.402+0000] {dag.py:3324} INFO - Setting next_dagrun for CHIQUANGDAG to 2023-01-31T17:00:00+00:00, run_after=2023-02-01T17:00:00+00:00
[2023-04-12T16:15:03.405+0000] {logging_mixin.py:117} INFO - [2023-04-12T16:15:03.405+0000] {dag.py:3324} INFO - Setting next_dagrun for CHIQUANGDAG.subdag to None, run_after=None
[2023-04-12T16:15:03.412+0000] {logging_mixin.py:117} INFO - [2023-04-12T16:15:03.412+0000] {dag.py:2573} INFO - Sync 1 DAGs
[2023-04-12T16:15:03.417+0000] {logging_mixin.py:117} INFO - [2023-04-12T16:15:03.417+0000] {dag.py:3324} INFO - Setting next_dagrun for CHIQUANGDAG.subdag to None, run_after=None
[2023-04-12T16:15:03.427+0000] {processor.py:178} INFO - Processing /opt/airflow/dags/subtaskexample.py took 0.223 seconds
[2023-04-12T16:15:33.712+0000] {processor.py:156} INFO - Started process (PID=187) to work on /opt/airflow/dags/subtaskexample.py
[2023-04-12T16:15:33.713+0000] {processor.py:758} INFO - Processing file /opt/airflow/dags/subtaskexample.py for tasks to queue
[2023-04-12T16:15:33.714+0000] {logging_mixin.py:117} INFO - [2023-04-12T16:15:33.714+0000] {dagbag.py:525} INFO - Filling up the DagBag from /opt/airflow/dags/subtaskexample.py
[2023-04-12T16:15:33.746+0000] {processor.py:768} INFO - DAG(s) dict_keys(['CHIQUANGDAG.subdag', 'CHIQUANGDAG']) retrieved from /opt/airflow/dags/subtaskexample.py
[2023-04-12T16:15:33.860+0000] {logging_mixin.py:117} INFO - [2023-04-12T16:15:33.860+0000] {dag.py:2573} INFO - Sync 2 DAGs
[2023-04-12T16:15:33.881+0000] {logging_mixin.py:117} INFO - [2023-04-12T16:15:33.881+0000] {dag.py:3324} INFO - Setting next_dagrun for CHIQUANGDAG to 2023-01-31T17:00:00+00:00, run_after=2023-02-01T17:00:00+00:00
[2023-04-12T16:15:33.884+0000] {logging_mixin.py:117} INFO - [2023-04-12T16:15:33.884+0000] {dag.py:3324} INFO - Setting next_dagrun for CHIQUANGDAG.subdag to None, run_after=None
[2023-04-12T16:15:33.890+0000] {logging_mixin.py:117} INFO - [2023-04-12T16:15:33.889+0000] {dag.py:2573} INFO - Sync 1 DAGs
[2023-04-12T16:15:33.894+0000] {logging_mixin.py:117} INFO - [2023-04-12T16:15:33.894+0000] {dag.py:3324} INFO - Setting next_dagrun for CHIQUANGDAG.subdag to None, run_after=None
[2023-04-12T16:15:33.903+0000] {processor.py:178} INFO - Processing /opt/airflow/dags/subtaskexample.py took 0.194 seconds
[2023-04-12T16:19:20.791+0000] {processor.py:156} INFO - Started process (PID=26) to work on /opt/airflow/dags/subtaskexample.py
[2023-04-12T16:19:20.792+0000] {processor.py:758} INFO - Processing file /opt/airflow/dags/subtaskexample.py for tasks to queue
[2023-04-12T16:19:20.793+0000] {logging_mixin.py:117} INFO - [2023-04-12T16:19:20.793+0000] {dagbag.py:525} INFO - Filling up the DagBag from /opt/airflow/dags/subtaskexample.py
[2023-04-12T16:19:20.845+0000] {processor.py:768} INFO - DAG(s) dict_keys(['CHIQUANGDAG.subdag', 'CHIQUANGDAG']) retrieved from /opt/airflow/dags/subtaskexample.py
[2023-04-12T16:19:20.878+0000] {logging_mixin.py:117} INFO - [2023-04-12T16:19:20.877+0000] {dag.py:2573} INFO - Sync 2 DAGs
[2023-04-12T16:19:21.061+0000] {logging_mixin.py:117} INFO - [2023-04-12T16:19:21.061+0000] {dag.py:3324} INFO - Setting next_dagrun for CHIQUANGDAG to 2023-01-31T17:00:00+00:00, run_after=2023-02-01T17:00:00+00:00
[2023-04-12T16:19:21.066+0000] {logging_mixin.py:117} INFO - [2023-04-12T16:19:21.065+0000] {dag.py:3324} INFO - Setting next_dagrun for CHIQUANGDAG.subdag to None, run_after=None
[2023-04-12T16:19:21.075+0000] {logging_mixin.py:117} INFO - [2023-04-12T16:19:21.074+0000] {dag.py:2573} INFO - Sync 1 DAGs
[2023-04-12T16:19:21.082+0000] {logging_mixin.py:117} INFO - [2023-04-12T16:19:21.082+0000] {dag.py:3324} INFO - Setting next_dagrun for CHIQUANGDAG.subdag to None, run_after=None
[2023-04-12T16:19:21.104+0000] {processor.py:178} INFO - Processing /opt/airflow/dags/subtaskexample.py took 0.317 seconds
[2023-04-12T16:19:51.738+0000] {processor.py:156} INFO - Started process (PID=52) to work on /opt/airflow/dags/subtaskexample.py
[2023-04-12T16:19:51.739+0000] {processor.py:758} INFO - Processing file /opt/airflow/dags/subtaskexample.py for tasks to queue
[2023-04-12T16:19:51.740+0000] {logging_mixin.py:117} INFO - [2023-04-12T16:19:51.740+0000] {dagbag.py:525} INFO - Filling up the DagBag from /opt/airflow/dags/subtaskexample.py
[2023-04-12T16:19:51.786+0000] {processor.py:768} INFO - DAG(s) dict_keys(['CHIQUANGDAG.subdag', 'CHIQUANGDAG']) retrieved from /opt/airflow/dags/subtaskexample.py
[2023-04-12T16:19:52.155+0000] {logging_mixin.py:117} INFO - [2023-04-12T16:19:52.155+0000] {dag.py:2573} INFO - Sync 2 DAGs
[2023-04-12T16:19:52.186+0000] {logging_mixin.py:117} INFO - [2023-04-12T16:19:52.186+0000] {dag.py:3324} INFO - Setting next_dagrun for CHIQUANGDAG to 2023-01-31T17:00:00+00:00, run_after=2023-02-01T17:00:00+00:00
[2023-04-12T16:19:52.190+0000] {logging_mixin.py:117} INFO - [2023-04-12T16:19:52.190+0000] {dag.py:3324} INFO - Setting next_dagrun for CHIQUANGDAG.subdag to None, run_after=None
[2023-04-12T16:19:52.200+0000] {logging_mixin.py:117} INFO - [2023-04-12T16:19:52.199+0000] {dag.py:2573} INFO - Sync 1 DAGs
[2023-04-12T16:19:52.207+0000] {logging_mixin.py:117} INFO - [2023-04-12T16:19:52.207+0000] {dag.py:3324} INFO - Setting next_dagrun for CHIQUANGDAG.subdag to None, run_after=None
[2023-04-12T16:19:52.226+0000] {processor.py:178} INFO - Processing /opt/airflow/dags/subtaskexample.py took 0.492 seconds
[2023-04-12T16:20:22.709+0000] {processor.py:156} INFO - Started process (PID=70) to work on /opt/airflow/dags/subtaskexample.py
[2023-04-12T16:20:22.710+0000] {processor.py:758} INFO - Processing file /opt/airflow/dags/subtaskexample.py for tasks to queue
[2023-04-12T16:20:22.711+0000] {logging_mixin.py:117} INFO - [2023-04-12T16:20:22.711+0000] {dagbag.py:525} INFO - Filling up the DagBag from /opt/airflow/dags/subtaskexample.py
[2023-04-12T16:20:22.749+0000] {processor.py:768} INFO - DAG(s) dict_keys(['CHIQUANGDAG.subdag', 'CHIQUANGDAG']) retrieved from /opt/airflow/dags/subtaskexample.py
[2023-04-12T16:20:23.004+0000] {logging_mixin.py:117} INFO - [2023-04-12T16:20:23.003+0000] {dag.py:2573} INFO - Sync 2 DAGs
[2023-04-12T16:20:23.024+0000] {logging_mixin.py:117} INFO - [2023-04-12T16:20:23.023+0000] {dag.py:3324} INFO - Setting next_dagrun for CHIQUANGDAG to 2023-01-31T17:00:00+00:00, run_after=2023-02-01T17:00:00+00:00
[2023-04-12T16:20:23.027+0000] {logging_mixin.py:117} INFO - [2023-04-12T16:20:23.027+0000] {dag.py:3324} INFO - Setting next_dagrun for CHIQUANGDAG.subdag to None, run_after=None
[2023-04-12T16:20:23.032+0000] {logging_mixin.py:117} INFO - [2023-04-12T16:20:23.032+0000] {dag.py:2573} INFO - Sync 1 DAGs
[2023-04-12T16:20:23.038+0000] {logging_mixin.py:117} INFO - [2023-04-12T16:20:23.038+0000] {dag.py:3324} INFO - Setting next_dagrun for CHIQUANGDAG.subdag to None, run_after=None
[2023-04-12T16:20:23.049+0000] {processor.py:178} INFO - Processing /opt/airflow/dags/subtaskexample.py took 0.343 seconds
[2023-04-12T16:20:53.436+0000] {processor.py:156} INFO - Started process (PID=95) to work on /opt/airflow/dags/subtaskexample.py
[2023-04-12T16:20:53.436+0000] {processor.py:758} INFO - Processing file /opt/airflow/dags/subtaskexample.py for tasks to queue
[2023-04-12T16:20:53.437+0000] {logging_mixin.py:117} INFO - [2023-04-12T16:20:53.437+0000] {dagbag.py:525} INFO - Filling up the DagBag from /opt/airflow/dags/subtaskexample.py
[2023-04-12T16:20:53.470+0000] {processor.py:768} INFO - DAG(s) dict_keys(['CHIQUANGDAG.subdag', 'CHIQUANGDAG']) retrieved from /opt/airflow/dags/subtaskexample.py
[2023-04-12T16:20:53.705+0000] {logging_mixin.py:117} INFO - [2023-04-12T16:20:53.705+0000] {dag.py:2573} INFO - Sync 2 DAGs
[2023-04-12T16:20:53.730+0000] {logging_mixin.py:117} INFO - [2023-04-12T16:20:53.730+0000] {dag.py:3324} INFO - Setting next_dagrun for CHIQUANGDAG to 2023-01-31T17:00:00+00:00, run_after=2023-02-01T17:00:00+00:00
[2023-04-12T16:20:53.734+0000] {logging_mixin.py:117} INFO - [2023-04-12T16:20:53.734+0000] {dag.py:3324} INFO - Setting next_dagrun for CHIQUANGDAG.subdag to None, run_after=None
[2023-04-12T16:20:53.740+0000] {logging_mixin.py:117} INFO - [2023-04-12T16:20:53.740+0000] {dag.py:2573} INFO - Sync 1 DAGs
[2023-04-12T16:20:53.745+0000] {logging_mixin.py:117} INFO - [2023-04-12T16:20:53.745+0000] {dag.py:3324} INFO - Setting next_dagrun for CHIQUANGDAG.subdag to None, run_after=None
[2023-04-12T16:20:53.756+0000] {processor.py:178} INFO - Processing /opt/airflow/dags/subtaskexample.py took 0.323 seconds
[2023-04-12T16:21:24.156+0000] {processor.py:156} INFO - Started process (PID=121) to work on /opt/airflow/dags/subtaskexample.py
[2023-04-12T16:21:24.158+0000] {processor.py:758} INFO - Processing file /opt/airflow/dags/subtaskexample.py for tasks to queue
[2023-04-12T16:21:24.159+0000] {logging_mixin.py:117} INFO - [2023-04-12T16:21:24.159+0000] {dagbag.py:525} INFO - Filling up the DagBag from /opt/airflow/dags/subtaskexample.py
[2023-04-12T16:21:24.190+0000] {processor.py:768} INFO - DAG(s) dict_keys(['CHIQUANGDAG.subdag', 'CHIQUANGDAG']) retrieved from /opt/airflow/dags/subtaskexample.py
[2023-04-12T16:21:24.428+0000] {logging_mixin.py:117} INFO - [2023-04-12T16:21:24.427+0000] {dag.py:2573} INFO - Sync 2 DAGs
[2023-04-12T16:21:24.449+0000] {logging_mixin.py:117} INFO - [2023-04-12T16:21:24.449+0000] {dag.py:3324} INFO - Setting next_dagrun for CHIQUANGDAG to 2023-01-31T17:00:00+00:00, run_after=2023-02-01T17:00:00+00:00
[2023-04-12T16:21:24.452+0000] {logging_mixin.py:117} INFO - [2023-04-12T16:21:24.452+0000] {dag.py:3324} INFO - Setting next_dagrun for CHIQUANGDAG.subdag to None, run_after=None
[2023-04-12T16:21:24.457+0000] {logging_mixin.py:117} INFO - [2023-04-12T16:21:24.457+0000] {dag.py:2573} INFO - Sync 1 DAGs
[2023-04-12T16:21:24.462+0000] {logging_mixin.py:117} INFO - [2023-04-12T16:21:24.462+0000] {dag.py:3324} INFO - Setting next_dagrun for CHIQUANGDAG.subdag to None, run_after=None
[2023-04-12T16:21:24.478+0000] {processor.py:178} INFO - Processing /opt/airflow/dags/subtaskexample.py took 0.324 seconds
[2023-04-12T16:21:54.845+0000] {processor.py:156} INFO - Started process (PID=146) to work on /opt/airflow/dags/subtaskexample.py
[2023-04-12T16:21:54.846+0000] {processor.py:758} INFO - Processing file /opt/airflow/dags/subtaskexample.py for tasks to queue
[2023-04-12T16:21:54.847+0000] {logging_mixin.py:117} INFO - [2023-04-12T16:21:54.847+0000] {dagbag.py:525} INFO - Filling up the DagBag from /opt/airflow/dags/subtaskexample.py
[2023-04-12T16:21:54.980+0000] {processor.py:768} INFO - DAG(s) dict_keys(['CHIQUANGDAG.subdag', 'CHIQUANGDAG']) retrieved from /opt/airflow/dags/subtaskexample.py
[2023-04-12T16:21:55.099+0000] {logging_mixin.py:117} INFO - [2023-04-12T16:21:55.099+0000] {dag.py:2573} INFO - Sync 2 DAGs
[2023-04-12T16:21:55.119+0000] {logging_mixin.py:117} INFO - [2023-04-12T16:21:55.119+0000] {dag.py:3324} INFO - Setting next_dagrun for CHIQUANGDAG to 2023-01-31T17:00:00+00:00, run_after=2023-02-01T17:00:00+00:00
[2023-04-12T16:21:55.122+0000] {logging_mixin.py:117} INFO - [2023-04-12T16:21:55.122+0000] {dag.py:3324} INFO - Setting next_dagrun for CHIQUANGDAG.subdag to None, run_after=None
[2023-04-12T16:21:55.127+0000] {logging_mixin.py:117} INFO - [2023-04-12T16:21:55.127+0000] {dag.py:2573} INFO - Sync 1 DAGs
[2023-04-12T16:21:55.131+0000] {logging_mixin.py:117} INFO - [2023-04-12T16:21:55.131+0000] {dag.py:3324} INFO - Setting next_dagrun for CHIQUANGDAG.subdag to None, run_after=None
[2023-04-12T16:21:55.141+0000] {processor.py:178} INFO - Processing /opt/airflow/dags/subtaskexample.py took 0.299 seconds
[2023-04-12T16:22:25.685+0000] {processor.py:156} INFO - Started process (PID=164) to work on /opt/airflow/dags/subtaskexample.py
[2023-04-12T16:22:25.685+0000] {processor.py:758} INFO - Processing file /opt/airflow/dags/subtaskexample.py for tasks to queue
[2023-04-12T16:22:25.686+0000] {logging_mixin.py:117} INFO - [2023-04-12T16:22:25.686+0000] {dagbag.py:525} INFO - Filling up the DagBag from /opt/airflow/dags/subtaskexample.py
[2023-04-12T16:22:25.725+0000] {processor.py:768} INFO - DAG(s) dict_keys(['CHIQUANGDAG.subdag', 'CHIQUANGDAG']) retrieved from /opt/airflow/dags/subtaskexample.py
[2023-04-12T16:22:25.837+0000] {logging_mixin.py:117} INFO - [2023-04-12T16:22:25.837+0000] {dag.py:2573} INFO - Sync 2 DAGs
[2023-04-12T16:22:25.858+0000] {logging_mixin.py:117} INFO - [2023-04-12T16:22:25.857+0000] {dag.py:3324} INFO - Setting next_dagrun for CHIQUANGDAG to 2023-01-31T17:00:00+00:00, run_after=2023-02-01T17:00:00+00:00
[2023-04-12T16:22:25.861+0000] {logging_mixin.py:117} INFO - [2023-04-12T16:22:25.861+0000] {dag.py:3324} INFO - Setting next_dagrun for CHIQUANGDAG.subdag to None, run_after=None
[2023-04-12T16:22:25.867+0000] {logging_mixin.py:117} INFO - [2023-04-12T16:22:25.866+0000] {dag.py:2573} INFO - Sync 1 DAGs
[2023-04-12T16:22:25.871+0000] {logging_mixin.py:117} INFO - [2023-04-12T16:22:25.871+0000] {dag.py:3324} INFO - Setting next_dagrun for CHIQUANGDAG.subdag to None, run_after=None
[2023-04-12T16:22:25.882+0000] {processor.py:178} INFO - Processing /opt/airflow/dags/subtaskexample.py took 0.312 seconds
[2023-04-12T16:22:56.198+0000] {processor.py:156} INFO - Started process (PID=189) to work on /opt/airflow/dags/subtaskexample.py
[2023-04-12T16:22:56.199+0000] {processor.py:758} INFO - Processing file /opt/airflow/dags/subtaskexample.py for tasks to queue
[2023-04-12T16:22:56.200+0000] {logging_mixin.py:117} INFO - [2023-04-12T16:22:56.199+0000] {dagbag.py:525} INFO - Filling up the DagBag from /opt/airflow/dags/subtaskexample.py
[2023-04-12T16:22:56.235+0000] {processor.py:768} INFO - DAG(s) dict_keys(['CHIQUANGDAG.subdag', 'CHIQUANGDAG']) retrieved from /opt/airflow/dags/subtaskexample.py
[2023-04-12T16:22:56.410+0000] {logging_mixin.py:117} INFO - [2023-04-12T16:22:56.410+0000] {dag.py:2573} INFO - Sync 2 DAGs
[2023-04-12T16:22:56.441+0000] {logging_mixin.py:117} INFO - [2023-04-12T16:22:56.441+0000] {dag.py:3324} INFO - Setting next_dagrun for CHIQUANGDAG to 2023-01-31T17:00:00+00:00, run_after=2023-02-01T17:00:00+00:00
[2023-04-12T16:22:56.444+0000] {logging_mixin.py:117} INFO - [2023-04-12T16:22:56.444+0000] {dag.py:3324} INFO - Setting next_dagrun for CHIQUANGDAG.subdag to None, run_after=None
[2023-04-12T16:22:56.450+0000] {logging_mixin.py:117} INFO - [2023-04-12T16:22:56.449+0000] {dag.py:2573} INFO - Sync 1 DAGs
[2023-04-12T16:22:56.455+0000] {logging_mixin.py:117} INFO - [2023-04-12T16:22:56.455+0000] {dag.py:3324} INFO - Setting next_dagrun for CHIQUANGDAG.subdag to None, run_after=None
[2023-04-12T16:22:56.465+0000] {processor.py:178} INFO - Processing /opt/airflow/dags/subtaskexample.py took 0.270 seconds
[2023-04-12T16:23:26.746+0000] {processor.py:156} INFO - Started process (PID=214) to work on /opt/airflow/dags/subtaskexample.py
[2023-04-12T16:23:26.746+0000] {processor.py:758} INFO - Processing file /opt/airflow/dags/subtaskexample.py for tasks to queue
[2023-04-12T16:23:26.747+0000] {logging_mixin.py:117} INFO - [2023-04-12T16:23:26.747+0000] {dagbag.py:525} INFO - Filling up the DagBag from /opt/airflow/dags/subtaskexample.py
[2023-04-12T16:23:26.779+0000] {processor.py:768} INFO - DAG(s) dict_keys(['CHIQUANGDAG.subdag', 'CHIQUANGDAG']) retrieved from /opt/airflow/dags/subtaskexample.py
[2023-04-12T16:23:26.906+0000] {logging_mixin.py:117} INFO - [2023-04-12T16:23:26.906+0000] {dag.py:2573} INFO - Sync 2 DAGs
[2023-04-12T16:23:26.928+0000] {logging_mixin.py:117} INFO - [2023-04-12T16:23:26.928+0000] {dag.py:3324} INFO - Setting next_dagrun for CHIQUANGDAG to 2023-01-31T17:00:00+00:00, run_after=2023-02-01T17:00:00+00:00
[2023-04-12T16:23:26.931+0000] {logging_mixin.py:117} INFO - [2023-04-12T16:23:26.931+0000] {dag.py:3324} INFO - Setting next_dagrun for CHIQUANGDAG.subdag to None, run_after=None
[2023-04-12T16:23:26.936+0000] {logging_mixin.py:117} INFO - [2023-04-12T16:23:26.936+0000] {dag.py:2573} INFO - Sync 1 DAGs
[2023-04-12T16:23:26.942+0000] {logging_mixin.py:117} INFO - [2023-04-12T16:23:26.942+0000] {dag.py:3324} INFO - Setting next_dagrun for CHIQUANGDAG.subdag to None, run_after=None
[2023-04-12T16:23:26.956+0000] {processor.py:178} INFO - Processing /opt/airflow/dags/subtaskexample.py took 0.213 seconds
[2023-04-12T16:23:57.287+0000] {processor.py:156} INFO - Started process (PID=239) to work on /opt/airflow/dags/subtaskexample.py
[2023-04-12T16:23:57.289+0000] {processor.py:758} INFO - Processing file /opt/airflow/dags/subtaskexample.py for tasks to queue
[2023-04-12T16:23:57.291+0000] {logging_mixin.py:117} INFO - [2023-04-12T16:23:57.290+0000] {dagbag.py:525} INFO - Filling up the DagBag from /opt/airflow/dags/subtaskexample.py
[2023-04-12T16:23:57.343+0000] {processor.py:768} INFO - DAG(s) dict_keys(['CHIQUANGDAG.subdag', 'CHIQUANGDAG']) retrieved from /opt/airflow/dags/subtaskexample.py
[2023-04-12T16:23:57.484+0000] {logging_mixin.py:117} INFO - [2023-04-12T16:23:57.483+0000] {dag.py:2573} INFO - Sync 2 DAGs
[2023-04-12T16:23:57.506+0000] {logging_mixin.py:117} INFO - [2023-04-12T16:23:57.506+0000] {dag.py:3324} INFO - Setting next_dagrun for CHIQUANGDAG to 2023-01-31T17:00:00+00:00, run_after=2023-02-01T17:00:00+00:00
[2023-04-12T16:23:57.509+0000] {logging_mixin.py:117} INFO - [2023-04-12T16:23:57.509+0000] {dag.py:3324} INFO - Setting next_dagrun for CHIQUANGDAG.subdag to None, run_after=None
[2023-04-12T16:23:57.514+0000] {logging_mixin.py:117} INFO - [2023-04-12T16:23:57.514+0000] {dag.py:2573} INFO - Sync 1 DAGs
[2023-04-12T16:23:57.518+0000] {logging_mixin.py:117} INFO - [2023-04-12T16:23:57.518+0000] {dag.py:3324} INFO - Setting next_dagrun for CHIQUANGDAG.subdag to None, run_after=None
[2023-04-12T16:23:57.528+0000] {processor.py:178} INFO - Processing /opt/airflow/dags/subtaskexample.py took 0.245 seconds
[2023-04-12T16:24:27.866+0000] {processor.py:156} INFO - Started process (PID=265) to work on /opt/airflow/dags/subtaskexample.py
[2023-04-12T16:24:27.866+0000] {processor.py:758} INFO - Processing file /opt/airflow/dags/subtaskexample.py for tasks to queue
[2023-04-12T16:24:27.867+0000] {logging_mixin.py:117} INFO - [2023-04-12T16:24:27.867+0000] {dagbag.py:525} INFO - Filling up the DagBag from /opt/airflow/dags/subtaskexample.py
[2023-04-12T16:24:27.901+0000] {processor.py:768} INFO - DAG(s) dict_keys(['CHIQUANGDAG.subdag', 'CHIQUANGDAG']) retrieved from /opt/airflow/dags/subtaskexample.py
[2023-04-12T16:24:28.097+0000] {logging_mixin.py:117} INFO - [2023-04-12T16:24:28.097+0000] {dag.py:2573} INFO - Sync 2 DAGs
[2023-04-12T16:24:28.129+0000] {logging_mixin.py:117} INFO - [2023-04-12T16:24:28.128+0000] {dag.py:3324} INFO - Setting next_dagrun for CHIQUANGDAG to 2023-01-31T17:00:00+00:00, run_after=2023-02-01T17:00:00+00:00
[2023-04-12T16:24:28.133+0000] {logging_mixin.py:117} INFO - [2023-04-12T16:24:28.133+0000] {dag.py:3324} INFO - Setting next_dagrun for CHIQUANGDAG.subdag to None, run_after=None
[2023-04-12T16:24:28.141+0000] {logging_mixin.py:117} INFO - [2023-04-12T16:24:28.141+0000] {dag.py:2573} INFO - Sync 1 DAGs
[2023-04-12T16:24:28.150+0000] {logging_mixin.py:117} INFO - [2023-04-12T16:24:28.149+0000] {dag.py:3324} INFO - Setting next_dagrun for CHIQUANGDAG.subdag to None, run_after=None
[2023-04-12T16:24:28.162+0000] {processor.py:178} INFO - Processing /opt/airflow/dags/subtaskexample.py took 0.300 seconds
[2023-04-12T16:24:58.395+0000] {processor.py:156} INFO - Started process (PID=283) to work on /opt/airflow/dags/subtaskexample.py
[2023-04-12T16:24:58.395+0000] {processor.py:758} INFO - Processing file /opt/airflow/dags/subtaskexample.py for tasks to queue
[2023-04-12T16:24:58.396+0000] {logging_mixin.py:117} INFO - [2023-04-12T16:24:58.396+0000] {dagbag.py:525} INFO - Filling up the DagBag from /opt/airflow/dags/subtaskexample.py
[2023-04-12T16:24:58.434+0000] {processor.py:768} INFO - DAG(s) dict_keys(['CHIQUANGDAG.subdag', 'CHIQUANGDAG']) retrieved from /opt/airflow/dags/subtaskexample.py
[2023-04-12T16:24:58.590+0000] {logging_mixin.py:117} INFO - [2023-04-12T16:24:58.589+0000] {dag.py:2573} INFO - Sync 2 DAGs
[2023-04-12T16:24:58.614+0000] {logging_mixin.py:117} INFO - [2023-04-12T16:24:58.614+0000] {dag.py:3324} INFO - Setting next_dagrun for CHIQUANGDAG to 2023-01-31T17:00:00+00:00, run_after=2023-02-01T17:00:00+00:00
[2023-04-12T16:24:58.618+0000] {logging_mixin.py:117} INFO - [2023-04-12T16:24:58.617+0000] {dag.py:3324} INFO - Setting next_dagrun for CHIQUANGDAG.subdag to None, run_after=None
[2023-04-12T16:24:58.623+0000] {logging_mixin.py:117} INFO - [2023-04-12T16:24:58.623+0000] {dag.py:2573} INFO - Sync 1 DAGs
[2023-04-12T16:24:58.628+0000] {logging_mixin.py:117} INFO - [2023-04-12T16:24:58.627+0000] {dag.py:3324} INFO - Setting next_dagrun for CHIQUANGDAG.subdag to None, run_after=None
[2023-04-12T16:24:58.638+0000] {processor.py:178} INFO - Processing /opt/airflow/dags/subtaskexample.py took 0.247 seconds
[2023-04-12T16:25:28.930+0000] {processor.py:156} INFO - Started process (PID=308) to work on /opt/airflow/dags/subtaskexample.py
[2023-04-12T16:25:28.931+0000] {processor.py:758} INFO - Processing file /opt/airflow/dags/subtaskexample.py for tasks to queue
[2023-04-12T16:25:28.931+0000] {logging_mixin.py:117} INFO - [2023-04-12T16:25:28.931+0000] {dagbag.py:525} INFO - Filling up the DagBag from /opt/airflow/dags/subtaskexample.py
[2023-04-12T16:25:28.963+0000] {processor.py:768} INFO - DAG(s) dict_keys(['CHIQUANGDAG.subdag', 'CHIQUANGDAG']) retrieved from /opt/airflow/dags/subtaskexample.py
[2023-04-12T16:25:29.085+0000] {logging_mixin.py:117} INFO - [2023-04-12T16:25:29.085+0000] {dag.py:2573} INFO - Sync 2 DAGs
[2023-04-12T16:25:29.107+0000] {logging_mixin.py:117} INFO - [2023-04-12T16:25:29.107+0000] {dag.py:3324} INFO - Setting next_dagrun for CHIQUANGDAG to 2023-01-31T17:00:00+00:00, run_after=2023-02-01T17:00:00+00:00
[2023-04-12T16:25:29.110+0000] {logging_mixin.py:117} INFO - [2023-04-12T16:25:29.110+0000] {dag.py:3324} INFO - Setting next_dagrun for CHIQUANGDAG.subdag to None, run_after=None
[2023-04-12T16:25:29.115+0000] {logging_mixin.py:117} INFO - [2023-04-12T16:25:29.115+0000] {dag.py:2573} INFO - Sync 1 DAGs
[2023-04-12T16:25:29.120+0000] {logging_mixin.py:117} INFO - [2023-04-12T16:25:29.120+0000] {dag.py:3324} INFO - Setting next_dagrun for CHIQUANGDAG.subdag to None, run_after=None
[2023-04-12T16:25:29.130+0000] {processor.py:178} INFO - Processing /opt/airflow/dags/subtaskexample.py took 0.204 seconds
[2023-04-12T16:25:59.426+0000] {processor.py:156} INFO - Started process (PID=334) to work on /opt/airflow/dags/subtaskexample.py
[2023-04-12T16:25:59.427+0000] {processor.py:758} INFO - Processing file /opt/airflow/dags/subtaskexample.py for tasks to queue
[2023-04-12T16:25:59.428+0000] {logging_mixin.py:117} INFO - [2023-04-12T16:25:59.428+0000] {dagbag.py:525} INFO - Filling up the DagBag from /opt/airflow/dags/subtaskexample.py
[2023-04-12T16:25:59.461+0000] {processor.py:768} INFO - DAG(s) dict_keys(['CHIQUANGDAG.subdag', 'CHIQUANGDAG']) retrieved from /opt/airflow/dags/subtaskexample.py
[2023-04-12T16:25:59.601+0000] {logging_mixin.py:117} INFO - [2023-04-12T16:25:59.601+0000] {dag.py:2573} INFO - Sync 2 DAGs
[2023-04-12T16:25:59.622+0000] {logging_mixin.py:117} INFO - [2023-04-12T16:25:59.622+0000] {dag.py:3324} INFO - Setting next_dagrun for CHIQUANGDAG to 2023-01-31T17:00:00+00:00, run_after=2023-02-01T17:00:00+00:00
[2023-04-12T16:25:59.625+0000] {logging_mixin.py:117} INFO - [2023-04-12T16:25:59.625+0000] {dag.py:3324} INFO - Setting next_dagrun for CHIQUANGDAG.subdag to None, run_after=None
[2023-04-12T16:25:59.632+0000] {logging_mixin.py:117} INFO - [2023-04-12T16:25:59.632+0000] {dag.py:2573} INFO - Sync 1 DAGs
[2023-04-12T16:25:59.638+0000] {logging_mixin.py:117} INFO - [2023-04-12T16:25:59.638+0000] {dag.py:3324} INFO - Setting next_dagrun for CHIQUANGDAG.subdag to None, run_after=None
[2023-04-12T16:25:59.647+0000] {processor.py:178} INFO - Processing /opt/airflow/dags/subtaskexample.py took 0.225 seconds
[2023-04-12T16:26:29.972+0000] {processor.py:156} INFO - Started process (PID=359) to work on /opt/airflow/dags/subtaskexample.py
[2023-04-12T16:26:29.973+0000] {processor.py:758} INFO - Processing file /opt/airflow/dags/subtaskexample.py for tasks to queue
[2023-04-12T16:26:29.973+0000] {logging_mixin.py:117} INFO - [2023-04-12T16:26:29.973+0000] {dagbag.py:525} INFO - Filling up the DagBag from /opt/airflow/dags/subtaskexample.py
[2023-04-12T16:26:30.004+0000] {processor.py:768} INFO - DAG(s) dict_keys(['CHIQUANGDAG.subdag', 'CHIQUANGDAG']) retrieved from /opt/airflow/dags/subtaskexample.py
[2023-04-12T16:26:30.119+0000] {logging_mixin.py:117} INFO - [2023-04-12T16:26:30.119+0000] {dag.py:2573} INFO - Sync 2 DAGs
[2023-04-12T16:26:30.139+0000] {logging_mixin.py:117} INFO - [2023-04-12T16:26:30.139+0000] {dag.py:3324} INFO - Setting next_dagrun for CHIQUANGDAG to 2023-01-31T17:00:00+00:00, run_after=2023-02-01T17:00:00+00:00
[2023-04-12T16:26:30.142+0000] {logging_mixin.py:117} INFO - [2023-04-12T16:26:30.142+0000] {dag.py:3324} INFO - Setting next_dagrun for CHIQUANGDAG.subdag to None, run_after=None
[2023-04-12T16:26:30.147+0000] {logging_mixin.py:117} INFO - [2023-04-12T16:26:30.147+0000] {dag.py:2573} INFO - Sync 1 DAGs
[2023-04-12T16:26:30.152+0000] {logging_mixin.py:117} INFO - [2023-04-12T16:26:30.152+0000] {dag.py:3324} INFO - Setting next_dagrun for CHIQUANGDAG.subdag to None, run_after=None
[2023-04-12T16:26:30.161+0000] {processor.py:178} INFO - Processing /opt/airflow/dags/subtaskexample.py took 0.193 seconds
[2023-04-12T16:27:00.550+0000] {processor.py:156} INFO - Started process (PID=377) to work on /opt/airflow/dags/subtaskexample.py
[2023-04-12T16:27:00.551+0000] {processor.py:758} INFO - Processing file /opt/airflow/dags/subtaskexample.py for tasks to queue
[2023-04-12T16:27:00.552+0000] {logging_mixin.py:117} INFO - [2023-04-12T16:27:00.552+0000] {dagbag.py:525} INFO - Filling up the DagBag from /opt/airflow/dags/subtaskexample.py
[2023-04-12T16:27:00.598+0000] {processor.py:768} INFO - DAG(s) dict_keys(['CHIQUANGDAG.subdag', 'CHIQUANGDAG']) retrieved from /opt/airflow/dags/subtaskexample.py
[2023-04-12T16:27:00.751+0000] {logging_mixin.py:117} INFO - [2023-04-12T16:27:00.751+0000] {dag.py:2573} INFO - Sync 2 DAGs
[2023-04-12T16:27:00.776+0000] {logging_mixin.py:117} INFO - [2023-04-12T16:27:00.775+0000] {dag.py:3324} INFO - Setting next_dagrun for CHIQUANGDAG to 2023-01-31T17:00:00+00:00, run_after=2023-02-01T17:00:00+00:00
[2023-04-12T16:27:00.780+0000] {logging_mixin.py:117} INFO - [2023-04-12T16:27:00.780+0000] {dag.py:3324} INFO - Setting next_dagrun for CHIQUANGDAG.subdag to None, run_after=None
[2023-04-12T16:27:00.789+0000] {logging_mixin.py:117} INFO - [2023-04-12T16:27:00.789+0000] {dag.py:2573} INFO - Sync 1 DAGs
[2023-04-12T16:27:00.794+0000] {logging_mixin.py:117} INFO - [2023-04-12T16:27:00.794+0000] {dag.py:3324} INFO - Setting next_dagrun for CHIQUANGDAG.subdag to None, run_after=None
[2023-04-12T16:27:00.806+0000] {processor.py:178} INFO - Processing /opt/airflow/dags/subtaskexample.py took 0.262 seconds
[2023-04-12T16:27:31.156+0000] {processor.py:156} INFO - Started process (PID=402) to work on /opt/airflow/dags/subtaskexample.py
[2023-04-12T16:27:31.157+0000] {processor.py:758} INFO - Processing file /opt/airflow/dags/subtaskexample.py for tasks to queue
[2023-04-12T16:27:31.157+0000] {logging_mixin.py:117} INFO - [2023-04-12T16:27:31.157+0000] {dagbag.py:525} INFO - Filling up the DagBag from /opt/airflow/dags/subtaskexample.py
[2023-04-12T16:27:31.189+0000] {processor.py:768} INFO - DAG(s) dict_keys(['CHIQUANGDAG.subdag', 'CHIQUANGDAG']) retrieved from /opt/airflow/dags/subtaskexample.py
[2023-04-12T16:27:31.312+0000] {logging_mixin.py:117} INFO - [2023-04-12T16:27:31.312+0000] {dag.py:2573} INFO - Sync 2 DAGs
[2023-04-12T16:27:31.334+0000] {logging_mixin.py:117} INFO - [2023-04-12T16:27:31.334+0000] {dag.py:3324} INFO - Setting next_dagrun for CHIQUANGDAG to 2023-01-31T17:00:00+00:00, run_after=2023-02-01T17:00:00+00:00
[2023-04-12T16:27:31.337+0000] {logging_mixin.py:117} INFO - [2023-04-12T16:27:31.337+0000] {dag.py:3324} INFO - Setting next_dagrun for CHIQUANGDAG.subdag to None, run_after=None
[2023-04-12T16:27:31.343+0000] {logging_mixin.py:117} INFO - [2023-04-12T16:27:31.343+0000] {dag.py:2573} INFO - Sync 1 DAGs
[2023-04-12T16:27:31.347+0000] {logging_mixin.py:117} INFO - [2023-04-12T16:27:31.347+0000] {dag.py:3324} INFO - Setting next_dagrun for CHIQUANGDAG.subdag to None, run_after=None
[2023-04-12T16:27:31.358+0000] {processor.py:178} INFO - Processing /opt/airflow/dags/subtaskexample.py took 0.205 seconds
[2023-04-12T16:28:01.680+0000] {processor.py:156} INFO - Started process (PID=427) to work on /opt/airflow/dags/subtaskexample.py
[2023-04-12T16:28:01.681+0000] {processor.py:758} INFO - Processing file /opt/airflow/dags/subtaskexample.py for tasks to queue
[2023-04-12T16:28:01.681+0000] {logging_mixin.py:117} INFO - [2023-04-12T16:28:01.681+0000] {dagbag.py:525} INFO - Filling up the DagBag from /opt/airflow/dags/subtaskexample.py
[2023-04-12T16:28:01.713+0000] {processor.py:768} INFO - DAG(s) dict_keys(['CHIQUANGDAG.subdag', 'CHIQUANGDAG']) retrieved from /opt/airflow/dags/subtaskexample.py
[2023-04-12T16:28:01.846+0000] {logging_mixin.py:117} INFO - [2023-04-12T16:28:01.845+0000] {dag.py:2573} INFO - Sync 2 DAGs
[2023-04-12T16:28:01.868+0000] {logging_mixin.py:117} INFO - [2023-04-12T16:28:01.868+0000] {dag.py:3324} INFO - Setting next_dagrun for CHIQUANGDAG to 2023-01-31T17:00:00+00:00, run_after=2023-02-01T17:00:00+00:00
[2023-04-12T16:28:01.872+0000] {logging_mixin.py:117} INFO - [2023-04-12T16:28:01.871+0000] {dag.py:3324} INFO - Setting next_dagrun for CHIQUANGDAG.subdag to None, run_after=None
[2023-04-12T16:28:01.878+0000] {logging_mixin.py:117} INFO - [2023-04-12T16:28:01.878+0000] {dag.py:2573} INFO - Sync 1 DAGs
[2023-04-12T16:28:01.884+0000] {logging_mixin.py:117} INFO - [2023-04-12T16:28:01.884+0000] {dag.py:3324} INFO - Setting next_dagrun for CHIQUANGDAG.subdag to None, run_after=None
[2023-04-12T16:28:01.894+0000] {processor.py:178} INFO - Processing /opt/airflow/dags/subtaskexample.py took 0.217 seconds
[2023-04-12T16:28:32.241+0000] {processor.py:156} INFO - Started process (PID=452) to work on /opt/airflow/dags/subtaskexample.py
[2023-04-12T16:28:32.242+0000] {processor.py:758} INFO - Processing file /opt/airflow/dags/subtaskexample.py for tasks to queue
[2023-04-12T16:28:32.242+0000] {logging_mixin.py:117} INFO - [2023-04-12T16:28:32.242+0000] {dagbag.py:525} INFO - Filling up the DagBag from /opt/airflow/dags/subtaskexample.py
[2023-04-12T16:28:32.277+0000] {processor.py:768} INFO - DAG(s) dict_keys(['CHIQUANGDAG.subdag', 'CHIQUANGDAG']) retrieved from /opt/airflow/dags/subtaskexample.py
[2023-04-12T16:28:32.396+0000] {logging_mixin.py:117} INFO - [2023-04-12T16:28:32.396+0000] {dag.py:2573} INFO - Sync 2 DAGs
[2023-04-12T16:28:32.417+0000] {logging_mixin.py:117} INFO - [2023-04-12T16:28:32.417+0000] {dag.py:3324} INFO - Setting next_dagrun for CHIQUANGDAG to 2023-01-31T17:00:00+00:00, run_after=2023-02-01T17:00:00+00:00
[2023-04-12T16:28:32.420+0000] {logging_mixin.py:117} INFO - [2023-04-12T16:28:32.419+0000] {dag.py:3324} INFO - Setting next_dagrun for CHIQUANGDAG.subdag to None, run_after=None
[2023-04-12T16:28:32.425+0000] {logging_mixin.py:117} INFO - [2023-04-12T16:28:32.425+0000] {dag.py:2573} INFO - Sync 1 DAGs
[2023-04-12T16:28:32.429+0000] {logging_mixin.py:117} INFO - [2023-04-12T16:28:32.429+0000] {dag.py:3324} INFO - Setting next_dagrun for CHIQUANGDAG.subdag to None, run_after=None
[2023-04-12T16:28:32.438+0000] {processor.py:178} INFO - Processing /opt/airflow/dags/subtaskexample.py took 0.200 seconds
[2023-04-12T16:29:02.768+0000] {processor.py:156} INFO - Started process (PID=470) to work on /opt/airflow/dags/subtaskexample.py
[2023-04-12T16:29:02.769+0000] {processor.py:758} INFO - Processing file /opt/airflow/dags/subtaskexample.py for tasks to queue
[2023-04-12T16:29:02.770+0000] {logging_mixin.py:117} INFO - [2023-04-12T16:29:02.769+0000] {dagbag.py:525} INFO - Filling up the DagBag from /opt/airflow/dags/subtaskexample.py
[2023-04-12T16:29:02.801+0000] {processor.py:768} INFO - DAG(s) dict_keys(['CHIQUANGDAG.subdag', 'CHIQUANGDAG']) retrieved from /opt/airflow/dags/subtaskexample.py
[2023-04-12T16:29:02.920+0000] {logging_mixin.py:117} INFO - [2023-04-12T16:29:02.920+0000] {dag.py:2573} INFO - Sync 2 DAGs
[2023-04-12T16:29:02.948+0000] {logging_mixin.py:117} INFO - [2023-04-12T16:29:02.948+0000] {dag.py:3324} INFO - Setting next_dagrun for CHIQUANGDAG to 2023-01-31T17:00:00+00:00, run_after=2023-02-01T17:00:00+00:00
[2023-04-12T16:29:02.951+0000] {logging_mixin.py:117} INFO - [2023-04-12T16:29:02.951+0000] {dag.py:3324} INFO - Setting next_dagrun for CHIQUANGDAG.subdag to None, run_after=None
[2023-04-12T16:29:02.957+0000] {logging_mixin.py:117} INFO - [2023-04-12T16:29:02.957+0000] {dag.py:2573} INFO - Sync 1 DAGs
[2023-04-12T16:29:02.964+0000] {logging_mixin.py:117} INFO - [2023-04-12T16:29:02.964+0000] {dag.py:3324} INFO - Setting next_dagrun for CHIQUANGDAG.subdag to None, run_after=None
[2023-04-12T16:29:02.977+0000] {processor.py:178} INFO - Processing /opt/airflow/dags/subtaskexample.py took 0.212 seconds
