[2023-05-01T13:24:21.873+0000] {warnings.py:110} WARNING - /usr/local/lib/python3.7/site-packages/***/models/taskinstance.py:871: SAWarning: TypeDecorator ExecutorConfigType() will not produce a cache key because the ``cache_ok`` attribute is not set to True.  This can have significant performance implications including some performance degradations in comparison to prior SQLAlchemy versions.  Set this attribute to True if this type object's state is safe to use in a cache key, or False to disable this warning. (Background on this error at: https://sqlalche.me/e/14/cprf)
  ti: TaskInstance | None = qry.with_for_update().one_or_none()

[2023-05-01T13:24:21.925+0000] {taskinstance.py:1165} INFO - Dependencies all met for <TaskInstance: spark_process_data_12.spark_job_clean_data_12 manual__2023-05-01T13:24:18.650757+00:00 [queued]>
[2023-05-01T13:24:21.967+0000] {taskinstance.py:1165} INFO - Dependencies all met for <TaskInstance: spark_process_data_12.spark_job_clean_data_12 manual__2023-05-01T13:24:18.650757+00:00 [queued]>
[2023-05-01T13:24:21.968+0000] {taskinstance.py:1362} INFO - 
--------------------------------------------------------------------------------
[2023-05-01T13:24:21.968+0000] {taskinstance.py:1363} INFO - Starting attempt 1 of 2
[2023-05-01T13:24:21.969+0000] {taskinstance.py:1364} INFO - 
--------------------------------------------------------------------------------
[2023-05-01T13:24:22.026+0000] {taskinstance.py:1383} INFO - Executing <Task(SparkSubmitOperator): spark_job_clean_data_12> on 2023-05-01 13:24:18.650757+00:00
[2023-05-01T13:24:22.037+0000] {standard_task_runner.py:54} INFO - Started process 126 to run task
[2023-05-01T13:24:22.047+0000] {standard_task_runner.py:82} INFO - Running: ['***', 'tasks', 'run', 'spark_process_data_12', 'spark_job_clean_data_12', 'manual__2023-05-01T13:24:18.650757+00:00', '--job-id', '20', '--raw', '--subdir', 'DAGS_FOLDER/spark_process_scheduler.py', '--cfg-path', '/tmp/tmpvady6m3a']
[2023-05-01T13:24:22.049+0000] {standard_task_runner.py:83} INFO - Job 20: Subtask spark_job_clean_data_12
[2023-05-01T13:24:22.051+0000] {dagbag.py:525} INFO - Filling up the DagBag from /opt/***/dags/spark_process_scheduler.py
[2023-05-01T13:24:22.400+0000] {task_command.py:384} INFO - Running <TaskInstance: spark_process_data_12.spark_job_clean_data_12 manual__2023-05-01T13:24:18.650757+00:00 [running]> on host 3a81bcbab442
[2023-05-01T13:24:22.414+0000] {warnings.py:110} WARNING - /usr/local/lib/python3.7/site-packages/***/models/taskinstance.py:873: SAWarning: TypeDecorator ExecutorConfigType() will not produce a cache key because the ``cache_ok`` attribute is not set to True.  This can have significant performance implications including some performance degradations in comparison to prior SQLAlchemy versions.  Set this attribute to True if this type object's state is safe to use in a cache key, or False to disable this warning. (Background on this error at: https://sqlalche.me/e/14/cprf)
  ti = qry.one_or_none()

[2023-05-01T13:24:22.716+0000] {taskinstance.py:1592} INFO - Exporting the following env vars:
AIRFLOW_CTX_DAG_EMAIL=pioneer22022001@gmail.com
AIRFLOW_CTX_DAG_OWNER=***
AIRFLOW_CTX_DAG_ID=spark_process_data_12
AIRFLOW_CTX_TASK_ID=spark_job_clean_data_12
AIRFLOW_CTX_EXECUTION_DATE=2023-05-01T13:24:18.650757+00:00
AIRFLOW_CTX_TRY_NUMBER=1
AIRFLOW_CTX_DAG_RUN_ID=manual__2023-05-01T13:24:18.650757+00:00
[2023-05-01T13:24:22.757+0000] {base.py:71} INFO - Using connection ID 'other_spark_local' for task execution.
[2023-05-01T13:24:22.764+0000] {spark_submit.py:339} INFO - Spark-Submit cmd: spark-submit --master spark://spark_master:7077 --conf spark.master=spark://spark_master:7077 --name spark_clean_data --verbose /opt/spark/app/preprocess_data.py
[2023-05-01T13:24:22.807+0000] {spark_submit.py:490} INFO - /opt/spark/bin/load-spark-env.sh: line 68: ps: command not found
[2023-05-01T13:24:26.654+0000] {spark_submit.py:490} INFO - Using properties file: null
[2023-05-01T13:24:27.142+0000] {warnings.py:110} WARNING - /usr/local/lib/python3.7/site-packages/***/models/taskinstance.py:873: SAWarning: TypeDecorator ExecutorConfigType() will not produce a cache key because the ``cache_ok`` attribute is not set to True.  This can have significant performance implications including some performance degradations in comparison to prior SQLAlchemy versions.  Set this attribute to True if this type object's state is safe to use in a cache key, or False to disable this warning. (Background on this error at: https://sqlalche.me/e/14/cprf)
  ti = qry.one_or_none()

[2023-05-01T13:24:27.163+0000] {spark_submit.py:490} INFO - Parsed arguments:
[2023-05-01T13:24:27.163+0000] {spark_submit.py:490} INFO - master                  spark://spark_master:7077
[2023-05-01T13:24:27.164+0000] {spark_submit.py:490} INFO - deployMode              null
[2023-05-01T13:24:27.164+0000] {spark_submit.py:490} INFO - executorMemory          null
[2023-05-01T13:24:27.165+0000] {spark_submit.py:490} INFO - executorCores           null
[2023-05-01T13:24:27.165+0000] {spark_submit.py:490} INFO - totalExecutorCores      null
[2023-05-01T13:24:27.166+0000] {spark_submit.py:490} INFO - propertiesFile          null
[2023-05-01T13:24:27.167+0000] {spark_submit.py:490} INFO - driverMemory            null
[2023-05-01T13:24:27.167+0000] {spark_submit.py:490} INFO - driverCores             null
[2023-05-01T13:24:27.168+0000] {spark_submit.py:490} INFO - driverExtraClassPath    null
[2023-05-01T13:24:27.168+0000] {spark_submit.py:490} INFO - driverExtraLibraryPath  null
[2023-05-01T13:24:27.168+0000] {spark_submit.py:490} INFO - driverExtraJavaOptions  null
[2023-05-01T13:24:27.169+0000] {spark_submit.py:490} INFO - supervise               false
[2023-05-01T13:24:27.169+0000] {spark_submit.py:490} INFO - queue                   null
[2023-05-01T13:24:27.169+0000] {spark_submit.py:490} INFO - numExecutors            null
[2023-05-01T13:24:27.170+0000] {spark_submit.py:490} INFO - files                   null
[2023-05-01T13:24:27.170+0000] {spark_submit.py:490} INFO - pyFiles                 null
[2023-05-01T13:24:27.170+0000] {spark_submit.py:490} INFO - archives                null
[2023-05-01T13:24:27.171+0000] {spark_submit.py:490} INFO - mainClass               null
[2023-05-01T13:24:27.171+0000] {spark_submit.py:490} INFO - primaryResource         file:/opt/spark/app/preprocess_data.py
[2023-05-01T13:24:27.171+0000] {spark_submit.py:490} INFO - name                    spark_clean_data
[2023-05-01T13:24:27.172+0000] {spark_submit.py:490} INFO - childArgs               []
[2023-05-01T13:24:27.172+0000] {spark_submit.py:490} INFO - jars                    null
[2023-05-01T13:24:27.172+0000] {spark_submit.py:490} INFO - packages                null
[2023-05-01T13:24:27.173+0000] {spark_submit.py:490} INFO - packagesExclusions      null
[2023-05-01T13:24:27.173+0000] {spark_submit.py:490} INFO - repositories            null
[2023-05-01T13:24:27.173+0000] {spark_submit.py:490} INFO - verbose                 true
[2023-05-01T13:24:27.173+0000] {spark_submit.py:490} INFO - 
[2023-05-01T13:24:27.174+0000] {spark_submit.py:490} INFO - Spark properties used, including those specified through
[2023-05-01T13:24:27.174+0000] {spark_submit.py:490} INFO - --conf and those from the properties file null:
[2023-05-01T13:24:27.175+0000] {spark_submit.py:490} INFO - (spark.master,spark://spark_master:7077)
[2023-05-01T13:24:27.175+0000] {spark_submit.py:490} INFO - 
[2023-05-01T13:24:27.176+0000] {spark_submit.py:490} INFO - 
[2023-05-01T13:24:28.143+0000] {spark_submit.py:490} INFO - Main class:
[2023-05-01T13:24:28.144+0000] {spark_submit.py:490} INFO - org.apache.spark.deploy.PythonRunner
[2023-05-01T13:24:28.144+0000] {spark_submit.py:490} INFO - Arguments:
[2023-05-01T13:24:28.145+0000] {spark_submit.py:490} INFO - file:/opt/spark/app/preprocess_data.py
[2023-05-01T13:24:28.145+0000] {spark_submit.py:490} INFO - null
[2023-05-01T13:24:28.150+0000] {spark_submit.py:490} INFO - Spark config:
[2023-05-01T13:24:28.151+0000] {spark_submit.py:490} INFO - (spark.app.name,spark_clean_data)
[2023-05-01T13:24:28.151+0000] {spark_submit.py:490} INFO - (spark.submit.pyFiles,)
[2023-05-01T13:24:28.151+0000] {spark_submit.py:490} INFO - (spark.submit.deployMode,client)
[2023-05-01T13:24:28.152+0000] {spark_submit.py:490} INFO - (spark.master,spark://spark_master:7077)
[2023-05-01T13:24:28.152+0000] {spark_submit.py:490} INFO - Classpath elements:
[2023-05-01T13:24:28.153+0000] {spark_submit.py:490} INFO - 
[2023-05-01T13:24:28.154+0000] {spark_submit.py:490} INFO - 
[2023-05-01T13:24:28.155+0000] {spark_submit.py:490} INFO - 
[2023-05-01T13:24:30.197+0000] {spark_submit.py:490} INFO - Using Spark's default log4j profile: org/apache/spark/log4j-defaults.properties
[2023-05-01T13:24:30.235+0000] {spark_submit.py:490} INFO - 23/05/01 13:24:30 INFO SparkContext: Running Spark version 3.2.3
[2023-05-01T13:24:30.749+0000] {spark_submit.py:490} INFO - 23/05/01 13:24:30 WARN NativeCodeLoader: Unable to load native-hadoop library for your platform... using builtin-java classes where applicable
[2023-05-01T13:24:31.230+0000] {spark_submit.py:490} INFO - 23/05/01 13:24:31 INFO ResourceUtils: ==============================================================
[2023-05-01T13:24:31.233+0000] {spark_submit.py:490} INFO - 23/05/01 13:24:31 INFO ResourceUtils: No custom resources configured for spark.driver.
[2023-05-01T13:24:31.236+0000] {spark_submit.py:490} INFO - 23/05/01 13:24:31 INFO ResourceUtils: ==============================================================
[2023-05-01T13:24:31.240+0000] {spark_submit.py:490} INFO - 23/05/01 13:24:31 INFO SparkContext: Submitted application: clean_data
[2023-05-01T13:24:31.390+0000] {spark_submit.py:490} INFO - 23/05/01 13:24:31 INFO ResourceProfile: Default ResourceProfile created, executor resources: Map(cores -> name: cores, amount: 1, script: , vendor: , memory -> name: memory, amount: 1024, script: , vendor: , offHeap -> name: offHeap, amount: 0, script: , vendor: ), task resources: Map(cpus -> name: cpus, amount: 1.0)
[2023-05-01T13:24:31.468+0000] {spark_submit.py:490} INFO - 23/05/01 13:24:31 INFO ResourceProfile: Limiting resource is cpu
[2023-05-01T13:24:31.469+0000] {spark_submit.py:490} INFO - 23/05/01 13:24:31 INFO ResourceProfileManager: Added ResourceProfile id: 0
[2023-05-01T13:24:31.712+0000] {spark_submit.py:490} INFO - 23/05/01 13:24:31 INFO SecurityManager: Changing view acls to: ***
[2023-05-01T13:24:31.714+0000] {spark_submit.py:490} INFO - 23/05/01 13:24:31 INFO SecurityManager: Changing modify acls to: ***
[2023-05-01T13:24:31.716+0000] {spark_submit.py:490} INFO - 23/05/01 13:24:31 INFO SecurityManager: Changing view acls groups to:
[2023-05-01T13:24:31.717+0000] {spark_submit.py:490} INFO - 23/05/01 13:24:31 INFO SecurityManager: Changing modify acls groups to:
[2023-05-01T13:24:31.719+0000] {spark_submit.py:490} INFO - 23/05/01 13:24:31 INFO SecurityManager: SecurityManager: authentication disabled; ui acls disabled; users  with view permissions: Set(***); groups with view permissions: Set(); users  with modify permissions: Set(***); groups with modify permissions: Set()
[2023-05-01T13:24:32.864+0000] {spark_submit.py:490} INFO - 23/05/01 13:24:32 INFO Utils: Successfully started service 'sparkDriver' on port 40019.
[2023-05-01T13:24:32.963+0000] {spark_submit.py:490} INFO - 23/05/01 13:24:32 INFO SparkEnv: Registering MapOutputTracker
[2023-05-01T13:24:33.115+0000] {spark_submit.py:490} INFO - 23/05/01 13:24:33 INFO SparkEnv: Registering BlockManagerMaster
[2023-05-01T13:24:33.201+0000] {spark_submit.py:490} INFO - 23/05/01 13:24:33 INFO BlockManagerMasterEndpoint: Using org.apache.spark.storage.DefaultTopologyMapper for getting topology information
[2023-05-01T13:24:33.202+0000] {spark_submit.py:490} INFO - 23/05/01 13:24:33 INFO BlockManagerMasterEndpoint: BlockManagerMasterEndpoint up
[2023-05-01T13:24:33.215+0000] {spark_submit.py:490} INFO - 23/05/01 13:24:33 INFO SparkEnv: Registering BlockManagerMasterHeartbeat
[2023-05-01T13:24:33.306+0000] {spark_submit.py:490} INFO - 23/05/01 13:24:33 INFO DiskBlockManager: Created local directory at /tmp/blockmgr-c532d2e0-f451-4f85-b92c-cff097190d37
[2023-05-01T13:24:33.422+0000] {spark_submit.py:490} INFO - 23/05/01 13:24:33 INFO MemoryStore: MemoryStore started with capacity 366.3 MiB
[2023-05-01T13:24:33.507+0000] {spark_submit.py:490} INFO - 23/05/01 13:24:33 INFO SparkEnv: Registering OutputCommitCoordinator
[2023-05-01T13:24:34.778+0000] {spark_submit.py:490} INFO - 23/05/01 13:24:34 INFO Utils: Successfully started service 'SparkUI' on port 4040.
[2023-05-01T13:24:35.147+0000] {spark_submit.py:490} INFO - 23/05/01 13:24:35 INFO SparkUI: Bound SparkUI to 0.0.0.0, and started at http://3a81bcbab442:4040
[2023-05-01T13:24:36.068+0000] {spark_submit.py:490} INFO - 23/05/01 13:24:36 ERROR SparkContext: Error initializing SparkContext.
[2023-05-01T13:24:36.069+0000] {spark_submit.py:490} INFO - org.apache.spark.SparkException: Invalid master URL: spark://spark_master:7077
[2023-05-01T13:24:36.070+0000] {spark_submit.py:490} INFO - at org.apache.spark.util.Utils$.extractHostPortFromSparkUrl(Utils.scala:2524)
[2023-05-01T13:24:36.070+0000] {spark_submit.py:490} INFO - at org.apache.spark.rpc.RpcAddress$.fromSparkURL(RpcAddress.scala:47)
[2023-05-01T13:24:36.071+0000] {spark_submit.py:490} INFO - at org.apache.spark.deploy.client.StandaloneAppClient.$anonfun$masterRpcAddresses$1(StandaloneAppClient.scala:53)
[2023-05-01T13:24:36.071+0000] {spark_submit.py:490} INFO - at scala.collection.TraversableLike.$anonfun$map$1(TraversableLike.scala:286)
[2023-05-01T13:24:36.072+0000] {spark_submit.py:490} INFO - at scala.collection.IndexedSeqOptimized.foreach(IndexedSeqOptimized.scala:36)
[2023-05-01T13:24:36.073+0000] {spark_submit.py:490} INFO - at scala.collection.IndexedSeqOptimized.foreach$(IndexedSeqOptimized.scala:33)
[2023-05-01T13:24:36.073+0000] {spark_submit.py:490} INFO - at scala.collection.mutable.ArrayOps$ofRef.foreach(ArrayOps.scala:198)
[2023-05-01T13:24:36.074+0000] {spark_submit.py:490} INFO - at scala.collection.TraversableLike.map(TraversableLike.scala:286)
[2023-05-01T13:24:36.074+0000] {spark_submit.py:490} INFO - at scala.collection.TraversableLike.map$(TraversableLike.scala:279)
[2023-05-01T13:24:36.075+0000] {spark_submit.py:490} INFO - at scala.collection.mutable.ArrayOps$ofRef.map(ArrayOps.scala:198)
[2023-05-01T13:24:36.075+0000] {spark_submit.py:490} INFO - at org.apache.spark.deploy.client.StandaloneAppClient.<init>(StandaloneAppClient.scala:53)
[2023-05-01T13:24:36.076+0000] {spark_submit.py:490} INFO - at org.apache.spark.scheduler.cluster.StandaloneSchedulerBackend.start(StandaloneSchedulerBackend.scala:123)
[2023-05-01T13:24:36.077+0000] {spark_submit.py:490} INFO - at org.apache.spark.scheduler.TaskSchedulerImpl.start(TaskSchedulerImpl.scala:220)
[2023-05-01T13:24:36.077+0000] {spark_submit.py:490} INFO - at org.apache.spark.SparkContext.<init>(SparkContext.scala:581)
[2023-05-01T13:24:36.078+0000] {spark_submit.py:490} INFO - at org.apache.spark.api.java.JavaSparkContext.<init>(JavaSparkContext.scala:58)
[2023-05-01T13:24:36.078+0000] {spark_submit.py:490} INFO - at sun.reflect.NativeConstructorAccessorImpl.newInstance0(Native Method)
[2023-05-01T13:24:36.079+0000] {spark_submit.py:490} INFO - at sun.reflect.NativeConstructorAccessorImpl.newInstance(NativeConstructorAccessorImpl.java:62)
[2023-05-01T13:24:36.079+0000] {spark_submit.py:490} INFO - at sun.reflect.DelegatingConstructorAccessorImpl.newInstance(DelegatingConstructorAccessorImpl.java:45)
[2023-05-01T13:24:36.080+0000] {spark_submit.py:490} INFO - at java.lang.reflect.Constructor.newInstance(Constructor.java:423)
[2023-05-01T13:24:36.080+0000] {spark_submit.py:490} INFO - at py4j.reflection.MethodInvoker.invoke(MethodInvoker.java:247)
[2023-05-01T13:24:36.081+0000] {spark_submit.py:490} INFO - at py4j.reflection.ReflectionEngine.invoke(ReflectionEngine.java:357)
[2023-05-01T13:24:36.081+0000] {spark_submit.py:490} INFO - at py4j.Gateway.invoke(Gateway.java:238)
[2023-05-01T13:24:36.082+0000] {spark_submit.py:490} INFO - at py4j.commands.ConstructorCommand.invokeConstructor(ConstructorCommand.java:80)
[2023-05-01T13:24:36.082+0000] {spark_submit.py:490} INFO - at py4j.commands.ConstructorCommand.execute(ConstructorCommand.java:69)
[2023-05-01T13:24:36.083+0000] {spark_submit.py:490} INFO - at py4j.ClientServerConnection.waitForCommands(ClientServerConnection.java:182)
[2023-05-01T13:24:36.084+0000] {spark_submit.py:490} INFO - at py4j.ClientServerConnection.run(ClientServerConnection.java:106)
[2023-05-01T13:24:36.084+0000] {spark_submit.py:490} INFO - at java.lang.Thread.run(Thread.java:750)
[2023-05-01T13:24:36.247+0000] {spark_submit.py:490} INFO - 23/05/01 13:24:36 INFO SparkUI: Stopped Spark web UI at http://3a81bcbab442:4040
[2023-05-01T13:24:36.282+0000] {spark_submit.py:490} INFO - 23/05/01 13:24:36 INFO StandaloneSchedulerBackend: Shutting down all executors
[2023-05-01T13:24:36.310+0000] {spark_submit.py:490} INFO - 23/05/01 13:24:36 INFO CoarseGrainedSchedulerBackend$DriverEndpoint: Asking each executor to shut down
[2023-05-01T13:24:36.404+0000] {spark_submit.py:490} INFO - 23/05/01 13:24:36 INFO MapOutputTrackerMasterEndpoint: MapOutputTrackerMasterEndpoint stopped!
[2023-05-01T13:24:36.444+0000] {spark_submit.py:490} INFO - 23/05/01 13:24:36 INFO MemoryStore: MemoryStore cleared
[2023-05-01T13:24:36.446+0000] {spark_submit.py:490} INFO - 23/05/01 13:24:36 INFO BlockManager: BlockManager stopped
[2023-05-01T13:24:36.474+0000] {spark_submit.py:490} INFO - 23/05/01 13:24:36 INFO BlockManagerMaster: BlockManagerMaster stopped
[2023-05-01T13:24:36.477+0000] {spark_submit.py:490} INFO - 23/05/01 13:24:36 WARN MetricsSystem: Stopping a MetricsSystem that is not running
[2023-05-01T13:24:36.484+0000] {spark_submit.py:490} INFO - 23/05/01 13:24:36 INFO OutputCommitCoordinator$OutputCommitCoordinatorEndpoint: OutputCommitCoordinator stopped!
[2023-05-01T13:24:36.529+0000] {spark_submit.py:490} INFO - 23/05/01 13:24:36 INFO SparkContext: Successfully stopped SparkContext
[2023-05-01T13:24:36.531+0000] {spark_submit.py:490} INFO - Traceback (most recent call last):
[2023-05-01T13:24:36.532+0000] {spark_submit.py:490} INFO - File "/opt/spark/app/preprocess_data.py", line 10, in <module>
[2023-05-01T13:24:36.532+0000] {spark_submit.py:490} INFO - spark = SparkSession.builder.appName('clean_data').getOrCreate()
[2023-05-01T13:24:36.533+0000] {spark_submit.py:490} INFO - File "/usr/local/lib/python3.7/site-packages/pyspark/sql/session.py", line 228, in getOrCreate
[2023-05-01T13:24:36.533+0000] {spark_submit.py:490} INFO - sc = SparkContext.getOrCreate(sparkConf)
[2023-05-01T13:24:36.534+0000] {spark_submit.py:490} INFO - File "/usr/local/lib/python3.7/site-packages/pyspark/context.py", line 392, in getOrCreate
[2023-05-01T13:24:36.535+0000] {spark_submit.py:490} INFO - SparkContext(conf=conf or SparkConf())
[2023-05-01T13:24:36.535+0000] {spark_submit.py:490} INFO - File "/usr/local/lib/python3.7/site-packages/pyspark/context.py", line 147, in __init__
[2023-05-01T13:24:36.536+0000] {spark_submit.py:490} INFO - conf, jsc, profiler_cls)
[2023-05-01T13:24:36.537+0000] {spark_submit.py:490} INFO - File "/usr/local/lib/python3.7/site-packages/pyspark/context.py", line 209, in _do_init
[2023-05-01T13:24:36.537+0000] {spark_submit.py:490} INFO - self._jsc = jsc or self._initialize_context(self._conf._jconf)
[2023-05-01T13:24:36.538+0000] {spark_submit.py:490} INFO - File "/usr/local/lib/python3.7/site-packages/pyspark/context.py", line 329, in _initialize_context
[2023-05-01T13:24:36.538+0000] {spark_submit.py:490} INFO - return self._jvm.JavaSparkContext(jconf)
[2023-05-01T13:24:36.539+0000] {spark_submit.py:490} INFO - File "/usr/local/lib/python3.7/site-packages/py4j/java_gateway.py", line 1586, in __call__
[2023-05-01T13:24:36.539+0000] {spark_submit.py:490} INFO - answer, self._gateway_client, None, self._fqn)
[2023-05-01T13:24:36.540+0000] {spark_submit.py:490} INFO - File "/usr/local/lib/python3.7/site-packages/py4j/protocol.py", line 328, in get_return_value
[2023-05-01T13:24:36.540+0000] {spark_submit.py:490} INFO - format(target_id, ".", name), value)
[2023-05-01T13:24:36.550+0000] {spark_submit.py:490} INFO - py4j.protocol.Py4JJavaError: An error occurred while calling None.org.apache.spark.api.java.JavaSparkContext.
[2023-05-01T13:24:36.551+0000] {spark_submit.py:490} INFO - : org.apache.spark.SparkException: Invalid master URL: spark://spark_master:7077
[2023-05-01T13:24:36.552+0000] {spark_submit.py:490} INFO - at org.apache.spark.util.Utils$.extractHostPortFromSparkUrl(Utils.scala:2524)
[2023-05-01T13:24:36.553+0000] {spark_submit.py:490} INFO - at org.apache.spark.rpc.RpcAddress$.fromSparkURL(RpcAddress.scala:47)
[2023-05-01T13:24:36.553+0000] {spark_submit.py:490} INFO - at org.apache.spark.deploy.client.StandaloneAppClient.$anonfun$masterRpcAddresses$1(StandaloneAppClient.scala:53)
[2023-05-01T13:24:36.554+0000] {spark_submit.py:490} INFO - at scala.collection.TraversableLike.$anonfun$map$1(TraversableLike.scala:286)
[2023-05-01T13:24:36.554+0000] {spark_submit.py:490} INFO - at scala.collection.IndexedSeqOptimized.foreach(IndexedSeqOptimized.scala:36)
[2023-05-01T13:24:36.555+0000] {spark_submit.py:490} INFO - at scala.collection.IndexedSeqOptimized.foreach$(IndexedSeqOptimized.scala:33)
[2023-05-01T13:24:36.556+0000] {spark_submit.py:490} INFO - at scala.collection.mutable.ArrayOps$ofRef.foreach(ArrayOps.scala:198)
[2023-05-01T13:24:36.556+0000] {spark_submit.py:490} INFO - at scala.collection.TraversableLike.map(TraversableLike.scala:286)
[2023-05-01T13:24:36.557+0000] {spark_submit.py:490} INFO - at scala.collection.TraversableLike.map$(TraversableLike.scala:279)
[2023-05-01T13:24:36.558+0000] {spark_submit.py:490} INFO - at scala.collection.mutable.ArrayOps$ofRef.map(ArrayOps.scala:198)
[2023-05-01T13:24:36.558+0000] {spark_submit.py:490} INFO - at org.apache.spark.deploy.client.StandaloneAppClient.<init>(StandaloneAppClient.scala:53)
[2023-05-01T13:24:36.559+0000] {spark_submit.py:490} INFO - at org.apache.spark.scheduler.cluster.StandaloneSchedulerBackend.start(StandaloneSchedulerBackend.scala:123)
[2023-05-01T13:24:36.560+0000] {spark_submit.py:490} INFO - at org.apache.spark.scheduler.TaskSchedulerImpl.start(TaskSchedulerImpl.scala:220)
[2023-05-01T13:24:36.560+0000] {spark_submit.py:490} INFO - at org.apache.spark.SparkContext.<init>(SparkContext.scala:581)
[2023-05-01T13:24:36.561+0000] {spark_submit.py:490} INFO - at org.apache.spark.api.java.JavaSparkContext.<init>(JavaSparkContext.scala:58)
[2023-05-01T13:24:36.562+0000] {spark_submit.py:490} INFO - at sun.reflect.NativeConstructorAccessorImpl.newInstance0(Native Method)
[2023-05-01T13:24:36.562+0000] {spark_submit.py:490} INFO - at sun.reflect.NativeConstructorAccessorImpl.newInstance(NativeConstructorAccessorImpl.java:62)
[2023-05-01T13:24:36.563+0000] {spark_submit.py:490} INFO - at sun.reflect.DelegatingConstructorAccessorImpl.newInstance(DelegatingConstructorAccessorImpl.java:45)
[2023-05-01T13:24:36.563+0000] {spark_submit.py:490} INFO - at java.lang.reflect.Constructor.newInstance(Constructor.java:423)
[2023-05-01T13:24:36.564+0000] {spark_submit.py:490} INFO - at py4j.reflection.MethodInvoker.invoke(MethodInvoker.java:247)
[2023-05-01T13:24:36.565+0000] {spark_submit.py:490} INFO - at py4j.reflection.ReflectionEngine.invoke(ReflectionEngine.java:357)
[2023-05-01T13:24:36.565+0000] {spark_submit.py:490} INFO - at py4j.Gateway.invoke(Gateway.java:238)
[2023-05-01T13:24:36.566+0000] {spark_submit.py:490} INFO - at py4j.commands.ConstructorCommand.invokeConstructor(ConstructorCommand.java:80)
[2023-05-01T13:24:36.567+0000] {spark_submit.py:490} INFO - at py4j.commands.ConstructorCommand.execute(ConstructorCommand.java:69)
[2023-05-01T13:24:36.568+0000] {spark_submit.py:490} INFO - at py4j.ClientServerConnection.waitForCommands(ClientServerConnection.java:182)
[2023-05-01T13:24:36.568+0000] {spark_submit.py:490} INFO - at py4j.ClientServerConnection.run(ClientServerConnection.java:106)
[2023-05-01T13:24:36.569+0000] {spark_submit.py:490} INFO - at java.lang.Thread.run(Thread.java:750)
[2023-05-01T13:24:36.569+0000] {spark_submit.py:490} INFO - 
[2023-05-01T13:24:36.791+0000] {spark_submit.py:490} INFO - 23/05/01 13:24:36 INFO ShutdownHookManager: Shutdown hook called
[2023-05-01T13:24:36.792+0000] {spark_submit.py:490} INFO - 23/05/01 13:24:36 INFO ShutdownHookManager: Deleting directory /tmp/spark-e280a2eb-6713-4d00-b2fe-baa25f257d06
[2023-05-01T13:24:36.806+0000] {spark_submit.py:490} INFO - 23/05/01 13:24:36 INFO ShutdownHookManager: Deleting directory /tmp/spark-2ac93d5c-8ed4-4de2-9481-72a8cb2a929b
[2023-05-01T13:24:37.208+0000] {warnings.py:110} WARNING - /usr/local/lib/python3.7/site-packages/***/models/taskinstance.py:871: SAWarning: TypeDecorator ExecutorConfigType() will not produce a cache key because the ``cache_ok`` attribute is not set to True.  This can have significant performance implications including some performance degradations in comparison to prior SQLAlchemy versions.  Set this attribute to True if this type object's state is safe to use in a cache key, or False to disable this warning. (Background on this error at: https://sqlalche.me/e/14/cprf)
  ti: TaskInstance | None = qry.with_for_update().one_or_none()

[2023-05-01T13:24:37.235+0000] {taskinstance.py:1851} ERROR - Task failed with exception
Traceback (most recent call last):
  File "/usr/local/lib/python3.7/site-packages/airflow/providers/apache/spark/operators/spark_submit.py", line 157, in execute
    self._hook.submit(self._application)
  File "/usr/local/lib/python3.7/site-packages/airflow/providers/apache/spark/hooks/spark_submit.py", line 422, in submit
    f"Cannot execute: {self._mask_cmd(spark_submit_cmd)}. Error code is: {returncode}."
airflow.exceptions.AirflowException: Cannot execute: spark-submit --master spark://spark_master:7077 --conf spark.master=spark://spark_master:7077 --name spark_clean_data --verbose /opt/spark/app/preprocess_data.py. Error code is: 1.
[2023-05-01T13:24:37.247+0000] {warnings.py:110} WARNING - /usr/local/lib/python3.7/site-packages/***/models/taskinstance.py:873: SAWarning: TypeDecorator ExecutorConfigType() will not produce a cache key because the ``cache_ok`` attribute is not set to True.  This can have significant performance implications including some performance degradations in comparison to prior SQLAlchemy versions.  Set this attribute to True if this type object's state is safe to use in a cache key, or False to disable this warning. (Background on this error at: https://sqlalche.me/e/14/cprf)
  ti = qry.one_or_none()

[2023-05-01T13:24:37.272+0000] {taskinstance.py:1406} INFO - Marking task as UP_FOR_RETRY. dag_id=spark_process_data_12, task_id=spark_job_clean_data_12, execution_date=20230501T132418, start_date=20230501T132421, end_date=20230501T132437
[2023-05-01T13:24:37.350+0000] {standard_task_runner.py:107} ERROR - Failed to execute job 20 for task spark_job_clean_data_12 (Cannot execute: spark-submit --master spark://spark_master:7077 --conf spark.master=spark://spark_master:7077 --name spark_clean_data --verbose /opt/spark/app/preprocess_data.py. Error code is: 1.; 126)
[2023-05-01T13:24:37.554+0000] {local_task_job.py:164} INFO - Task exited with return code 1
[2023-05-01T13:24:37.787+0000] {local_task_job.py:273} INFO - 0 downstream tasks scheduled from follow-on schedule check
