[2023-05-01T09:34:40.304+0000] {warnings.py:110} WARNING - /usr/local/lib/python3.7/site-packages/***/models/taskinstance.py:871: SAWarning: TypeDecorator ExecutorConfigType() will not produce a cache key because the ``cache_ok`` attribute is not set to True.  This can have significant performance implications including some performance degradations in comparison to prior SQLAlchemy versions.  Set this attribute to True if this type object's state is safe to use in a cache key, or False to disable this warning. (Background on this error at: https://sqlalche.me/e/14/cprf)
  ti: TaskInstance | None = qry.with_for_update().one_or_none()

[2023-05-01T09:34:40.355+0000] {taskinstance.py:1165} INFO - Dependencies all met for <TaskInstance: spark_process_data_12.spark_job_clean_data_12 manual__2023-05-01T09:34:37.921066+00:00 [queued]>
[2023-05-01T09:34:40.392+0000] {taskinstance.py:1165} INFO - Dependencies all met for <TaskInstance: spark_process_data_12.spark_job_clean_data_12 manual__2023-05-01T09:34:37.921066+00:00 [queued]>
[2023-05-01T09:34:40.393+0000] {taskinstance.py:1362} INFO - 
--------------------------------------------------------------------------------
[2023-05-01T09:34:40.393+0000] {taskinstance.py:1363} INFO - Starting attempt 1 of 2
[2023-05-01T09:34:40.394+0000] {taskinstance.py:1364} INFO - 
--------------------------------------------------------------------------------
[2023-05-01T09:34:40.461+0000] {taskinstance.py:1383} INFO - Executing <Task(SparkSubmitOperator): spark_job_clean_data_12> on 2023-05-01 09:34:37.921066+00:00
[2023-05-01T09:34:40.473+0000] {standard_task_runner.py:54} INFO - Started process 883 to run task
[2023-05-01T09:34:40.485+0000] {standard_task_runner.py:82} INFO - Running: ['***', 'tasks', 'run', 'spark_process_data_12', 'spark_job_clean_data_12', 'manual__2023-05-01T09:34:37.921066+00:00', '--job-id', '9', '--raw', '--subdir', 'DAGS_FOLDER/spark_process_scheduler.py', '--cfg-path', '/tmp/tmp0ws0q35z']
[2023-05-01T09:34:40.487+0000] {standard_task_runner.py:83} INFO - Job 9: Subtask spark_job_clean_data_12
[2023-05-01T09:34:40.490+0000] {dagbag.py:525} INFO - Filling up the DagBag from /opt/***/dags/spark_process_scheduler.py
[2023-05-01T09:34:40.900+0000] {task_command.py:384} INFO - Running <TaskInstance: spark_process_data_12.spark_job_clean_data_12 manual__2023-05-01T09:34:37.921066+00:00 [running]> on host 041de89279d2
[2023-05-01T09:34:40.913+0000] {warnings.py:110} WARNING - /usr/local/lib/python3.7/site-packages/***/models/taskinstance.py:873: SAWarning: TypeDecorator ExecutorConfigType() will not produce a cache key because the ``cache_ok`` attribute is not set to True.  This can have significant performance implications including some performance degradations in comparison to prior SQLAlchemy versions.  Set this attribute to True if this type object's state is safe to use in a cache key, or False to disable this warning. (Background on this error at: https://sqlalche.me/e/14/cprf)
  ti = qry.one_or_none()

[2023-05-01T09:34:41.173+0000] {taskinstance.py:1592} INFO - Exporting the following env vars:
AIRFLOW_CTX_DAG_EMAIL=pioneer22022001@gmail.com
AIRFLOW_CTX_DAG_OWNER=***
AIRFLOW_CTX_DAG_ID=spark_process_data_12
AIRFLOW_CTX_TASK_ID=spark_job_clean_data_12
AIRFLOW_CTX_EXECUTION_DATE=2023-05-01T09:34:37.921066+00:00
AIRFLOW_CTX_TRY_NUMBER=1
AIRFLOW_CTX_DAG_RUN_ID=manual__2023-05-01T09:34:37.921066+00:00
[2023-05-01T09:34:41.213+0000] {base.py:71} INFO - Using connection ID 'other_spark_local' for task execution.
[2023-05-01T09:34:41.217+0000] {spark_submit.py:339} INFO - Spark-Submit cmd: spark-submit --master spark://4765e3f6cf67:7077 --conf spark.master=spark://4765e3f6cf67:7077 --name spark_clean_data --verbose /opt/spark/app/preprocess_data.py
[2023-05-01T09:34:41.262+0000] {spark_submit.py:490} INFO - /opt/spark/bin/load-spark-env.sh: line 68: ps: command not found
[2023-05-01T09:34:45.607+0000] {spark_submit.py:490} INFO - Using properties file: null
[2023-05-01T09:34:45.622+0000] {warnings.py:110} WARNING - /usr/local/lib/python3.7/site-packages/***/models/taskinstance.py:873: SAWarning: TypeDecorator ExecutorConfigType() will not produce a cache key because the ``cache_ok`` attribute is not set to True.  This can have significant performance implications including some performance degradations in comparison to prior SQLAlchemy versions.  Set this attribute to True if this type object's state is safe to use in a cache key, or False to disable this warning. (Background on this error at: https://sqlalche.me/e/14/cprf)
  ti = qry.one_or_none()

[2023-05-01T09:34:46.304+0000] {spark_submit.py:490} INFO - Parsed arguments:
[2023-05-01T09:34:46.305+0000] {spark_submit.py:490} INFO - master                  spark://4765e3f6cf67:7077
[2023-05-01T09:34:46.305+0000] {spark_submit.py:490} INFO - deployMode              null
[2023-05-01T09:34:46.306+0000] {spark_submit.py:490} INFO - executorMemory          null
[2023-05-01T09:34:46.307+0000] {spark_submit.py:490} INFO - executorCores           null
[2023-05-01T09:34:46.307+0000] {spark_submit.py:490} INFO - totalExecutorCores      null
[2023-05-01T09:34:46.307+0000] {spark_submit.py:490} INFO - propertiesFile          null
[2023-05-01T09:34:46.308+0000] {spark_submit.py:490} INFO - driverMemory            null
[2023-05-01T09:34:46.308+0000] {spark_submit.py:490} INFO - driverCores             null
[2023-05-01T09:34:46.309+0000] {spark_submit.py:490} INFO - driverExtraClassPath    null
[2023-05-01T09:34:46.309+0000] {spark_submit.py:490} INFO - driverExtraLibraryPath  null
[2023-05-01T09:34:46.310+0000] {spark_submit.py:490} INFO - driverExtraJavaOptions  null
[2023-05-01T09:34:46.310+0000] {spark_submit.py:490} INFO - supervise               false
[2023-05-01T09:34:46.311+0000] {spark_submit.py:490} INFO - queue                   null
[2023-05-01T09:34:46.311+0000] {spark_submit.py:490} INFO - numExecutors            null
[2023-05-01T09:34:46.312+0000] {spark_submit.py:490} INFO - files                   null
[2023-05-01T09:34:46.312+0000] {spark_submit.py:490} INFO - pyFiles                 null
[2023-05-01T09:34:46.313+0000] {spark_submit.py:490} INFO - archives                null
[2023-05-01T09:34:46.313+0000] {spark_submit.py:490} INFO - mainClass               null
[2023-05-01T09:34:46.314+0000] {spark_submit.py:490} INFO - primaryResource         file:/opt/spark/app/preprocess_data.py
[2023-05-01T09:34:46.314+0000] {spark_submit.py:490} INFO - name                    spark_clean_data
[2023-05-01T09:34:46.315+0000] {spark_submit.py:490} INFO - childArgs               []
[2023-05-01T09:34:46.315+0000] {spark_submit.py:490} INFO - jars                    null
[2023-05-01T09:34:46.316+0000] {spark_submit.py:490} INFO - packages                null
[2023-05-01T09:34:46.316+0000] {spark_submit.py:490} INFO - packagesExclusions      null
[2023-05-01T09:34:46.317+0000] {spark_submit.py:490} INFO - repositories            null
[2023-05-01T09:34:46.317+0000] {spark_submit.py:490} INFO - verbose                 true
[2023-05-01T09:34:46.317+0000] {spark_submit.py:490} INFO - 
[2023-05-01T09:34:46.318+0000] {spark_submit.py:490} INFO - Spark properties used, including those specified through
[2023-05-01T09:34:46.319+0000] {spark_submit.py:490} INFO - --conf and those from the properties file null:
[2023-05-01T09:34:46.319+0000] {spark_submit.py:490} INFO - (spark.master,spark://4765e3f6cf67:7077)
[2023-05-01T09:34:46.320+0000] {spark_submit.py:490} INFO - 
[2023-05-01T09:34:46.321+0000] {spark_submit.py:490} INFO - 
[2023-05-01T09:34:47.423+0000] {spark_submit.py:490} INFO - Main class:
[2023-05-01T09:34:47.424+0000] {spark_submit.py:490} INFO - org.apache.spark.deploy.PythonRunner
[2023-05-01T09:34:47.425+0000] {spark_submit.py:490} INFO - Arguments:
[2023-05-01T09:34:47.425+0000] {spark_submit.py:490} INFO - file:/opt/spark/app/preprocess_data.py
[2023-05-01T09:34:47.425+0000] {spark_submit.py:490} INFO - null
[2023-05-01T09:34:47.432+0000] {spark_submit.py:490} INFO - Spark config:
[2023-05-01T09:34:47.432+0000] {spark_submit.py:490} INFO - (spark.app.name,spark_clean_data)
[2023-05-01T09:34:47.432+0000] {spark_submit.py:490} INFO - (spark.submit.pyFiles,)
[2023-05-01T09:34:47.433+0000] {spark_submit.py:490} INFO - (spark.submit.deployMode,client)
[2023-05-01T09:34:47.433+0000] {spark_submit.py:490} INFO - (spark.master,spark://4765e3f6cf67:7077)
[2023-05-01T09:34:47.433+0000] {spark_submit.py:490} INFO - Classpath elements:
[2023-05-01T09:34:47.434+0000] {spark_submit.py:490} INFO - 
[2023-05-01T09:34:47.435+0000] {spark_submit.py:490} INFO - 
[2023-05-01T09:34:47.435+0000] {spark_submit.py:490} INFO - 
[2023-05-01T09:34:47.662+0000] {spark_submit.py:490} INFO - python3: can't open file '/opt/spark/app/preprocess_data.py': [Errno 2] No such file or directory
[2023-05-01T09:34:47.691+0000] {spark_submit.py:490} INFO - log4j:WARN No appenders could be found for logger (org.apache.spark.util.ShutdownHookManager).
[2023-05-01T09:34:47.691+0000] {spark_submit.py:490} INFO - log4j:WARN Please initialize the log4j system properly.
[2023-05-01T09:34:47.692+0000] {spark_submit.py:490} INFO - log4j:WARN See http://logging.apache.org/log4j/1.2/faq.html#noconfig for more info.
[2023-05-01T09:34:47.810+0000] {warnings.py:110} WARNING - /usr/local/lib/python3.7/site-packages/***/models/taskinstance.py:871: SAWarning: TypeDecorator ExecutorConfigType() will not produce a cache key because the ``cache_ok`` attribute is not set to True.  This can have significant performance implications including some performance degradations in comparison to prior SQLAlchemy versions.  Set this attribute to True if this type object's state is safe to use in a cache key, or False to disable this warning. (Background on this error at: https://sqlalche.me/e/14/cprf)
  ti: TaskInstance | None = qry.with_for_update().one_or_none()

[2023-05-01T09:34:47.841+0000] {taskinstance.py:1851} ERROR - Task failed with exception
Traceback (most recent call last):
  File "/usr/local/lib/python3.7/site-packages/airflow/providers/apache/spark/operators/spark_submit.py", line 157, in execute
    self._hook.submit(self._application)
  File "/usr/local/lib/python3.7/site-packages/airflow/providers/apache/spark/hooks/spark_submit.py", line 422, in submit
    f"Cannot execute: {self._mask_cmd(spark_submit_cmd)}. Error code is: {returncode}."
airflow.exceptions.AirflowException: Cannot execute: spark-submit --master spark://4765e3f6cf67:7077 --conf spark.master=spark://4765e3f6cf67:7077 --name spark_clean_data --verbose /opt/spark/app/preprocess_data.py. Error code is: 2.
[2023-05-01T09:34:47.853+0000] {warnings.py:110} WARNING - /usr/local/lib/python3.7/site-packages/***/models/taskinstance.py:873: SAWarning: TypeDecorator ExecutorConfigType() will not produce a cache key because the ``cache_ok`` attribute is not set to True.  This can have significant performance implications including some performance degradations in comparison to prior SQLAlchemy versions.  Set this attribute to True if this type object's state is safe to use in a cache key, or False to disable this warning. (Background on this error at: https://sqlalche.me/e/14/cprf)
  ti = qry.one_or_none()

[2023-05-01T09:34:47.878+0000] {taskinstance.py:1406} INFO - Marking task as UP_FOR_RETRY. dag_id=spark_process_data_12, task_id=spark_job_clean_data_12, execution_date=20230501T093437, start_date=20230501T093440, end_date=20230501T093447
[2023-05-01T09:34:47.947+0000] {standard_task_runner.py:107} ERROR - Failed to execute job 9 for task spark_job_clean_data_12 (Cannot execute: spark-submit --master spark://4765e3f6cf67:7077 --conf spark.master=spark://4765e3f6cf67:7077 --name spark_clean_data --verbose /opt/spark/app/preprocess_data.py. Error code is: 2.; 883)
[2023-05-01T09:34:48.005+0000] {local_task_job.py:164} INFO - Task exited with return code 1
[2023-05-01T09:34:48.118+0000] {local_task_job.py:273} INFO - 0 downstream tasks scheduled from follow-on schedule check
